#
# A fatal error has been detected by the Java Runtime Environment:
#
#  Internal Error (jvmciRuntime.cpp:1609), pid=20, tid=38
#  fatal error: Fatal exception in JVMCI: Error calling jdk.vm.ci.services.Services.serializeSavedProperties
#
# JRE version: OpenJDK Runtime Environment GraalVM CE 22.3.0 (17.0.5+8) (build 17.0.5+8-jvmci-22.3-b08)
# Java VM: OpenJDK 64-Bit Server VM GraalVM CE 22.3.0 (17.0.5+8-jvmci-22.3-b08, mixed mode, sharing, tiered, jvmci, jvmci compiler, compressed oops, compressed class ptrs, parallel gc, linux-amd64)
# Problematic frame:
# V  [libjvm.so+0x972714]  JVMCIRuntime::fatal_exception(JVMCIEnv*, char const*)+0x74
#
# Core dump will be written. Default location: Core dumps may be processed with "/usr/share/apport/apport -p%p -s%s -c%c -d%d -P%P -u%u -g%g -- %E" (or dumping to /home/runner/hangman-v3/core.20)
#
# If you would like to submit a bug report, please visit:
#   https://github.com/oracle/graal/issues
#

---------------  S U M M A R Y ------------

Command Line: -XX:ThreadPriorityPolicy=1 -XX:+UnlockExperimentalVMOptions -XX:+EnableJVMCIProduct -XX:JVMCIThreadsPerNativeLibraryRuntime=1 -XX:-UnlockExperimentalVMOptions -Declipse.application=org.eclipse.jdt.ls.core.id1 -Dosgi.bundles.defaultStartLevel=4 -Declipse.product=org.eclipse.jdt.ls.core.product -Dlog.level=ALL -Xverify:none -XX:+UseParallelGC -XX:GCTimeRatio=4 -XX:AdaptiveSizePolicyWeight=90 -Dsun.zip.disableMemoryMapping=true -Xmx512m -Xms100m /nix/store/m6gcpi1ii6rghy04cjwjddcavv7i90df-jdt-language-server-1.9.0/share/java/plugins/org.eclipse.equinox.launcher_1.6.400.v20210924-0641.jar --add-modules=ALL-SYSTEM --add-opens java.base/java.util=ALL-UNNAMED --add-opens java.base/java.lang=ALL-UNNAMED -configuration /home/runner/.cache/jdt-language-server/config -data /home/runner/.cache/jdt-language-server/data/home/runner/hangman-v3

Host: Intel(R) Xeon(R) CPU @ 2.30GHz, 16 cores, 1G, Ubuntu 20.04.2 LTS
Time: Thu Feb  2 16:46:00 2023 UTC elapsed time: 3247.918787 seconds (0d 0h 54m 7s)

---------------  T H R E A D  ---------------

Current thread (0x00007ff4c40b20f0):  JavaThread "JVMCI-native CompilerThread0" daemon [_thread_in_vm, id=38, stack(0x00007ff4a8a18000,0x00007ff4a8c18000)]


Current CompileTask:
JVMCI-native:3247919 9802       4       org.eclipse.jdt.internal.core.JavaProject::equals (35 bytes)

Stack: [0x00007ff4a8a18000,0x00007ff4a8c18000],  sp=0x00007ff4a8c16380,  free space=2040k
Native frames: (J=compiled Java code, j=interpreted, Vv=VM code, C=native code)
V  [libjvm.so+0x972714]  JVMCIRuntime::fatal_exception(JVMCIEnv*, char const*)+0x74
V  [libjvm.so+0x93e2fe]  JVMCIEnv::copy_saved_properties()+0x14e
V  [libjvm.so+0x9732a9]  JVMCIRuntime::initialize(JVMCIEnv*)+0xb19
V  [libjvm.so+0x9738a2]  JVMCIRuntime::get_HotSpotJVMCIRuntime(JVMCIEnv*)+0x12
V  [libjvm.so+0x9749f2]  JVMCIRuntime::compile_method(JVMCIEnv*, JVMCICompiler*, methodHandle const&, int)+0xd2
V  [libjvm.so+0x5b0d20]  CompileBroker::invoke_compiler_on_method(CompileTask*)+0x1470
V  [libjvm.so+0x5b12e8]  CompileBroker::compiler_thread_loop()+0x528
V  [libjvm.so+0xd82460]  JavaThread::thread_main_inner()+0xd0
V  [libjvm.so+0xd85a40]  Thread::call_run()+0xc0
V  [libjvm.so+0xbdb1e1]  thread_native_entry(Thread*)+0xe1

Register to memory mapping:

RAX=0x00007ff4c8650000 points into unknown readable memory: 0x0000000000000058 | 58 00 00 00 00 00 00 00
RBX=0x00007ff4c974b398: <offset 0x0000000000ef5398> in /nix/store/gpxl5qgg8kicmcvivwmybwjlpf7wh20l-graalvm17-ce-22.3.0/lib/server/libjvm.so at 0x00007ff4c8856000
RCX=0x00007ff4c97031e8: <offset 0x0000000000ead1e8> in /nix/store/gpxl5qgg8kicmcvivwmybwjlpf7wh20l-graalvm17-ce-22.3.0/lib/server/libjvm.so at 0x00007ff4c8856000
RDX=0x0000000000000649 is an unknown value
RSP=0x00007ff4a8c16380 is pointing into the stack for thread: 0x00007ff4c40b20f0
RBP=0x00007ff4a8c163a0 is pointing into the stack for thread: 0x00007ff4c40b20f0
RSI=0x00007ff4c974bc48: <offset 0x0000000000ef5c48> in /nix/store/gpxl5qgg8kicmcvivwmybwjlpf7wh20l-graalvm17-ce-22.3.0/lib/server/libjvm.so at 0x00007ff4c8856000
RDI=0x00000000e0000000 is an oop: java.lang.String 
{0x00000000e0000000} - klass: 'java/lang/String'
 - string: "resolution"
R8 =0x00007ff4c974b398: <offset 0x0000000000ef5398> in /nix/store/gpxl5qgg8kicmcvivwmybwjlpf7wh20l-graalvm17-ce-22.3.0/lib/server/libjvm.so at 0x00007ff4c8856000
R9 =0x00007ff4a8c16330 is pointing into the stack for thread: 0x00007ff4c40b20f0
R10=0x00007ff4a8c17948 is pointing into the stack for thread: 0x00007ff4c40b20f0
R11=0x0000000000000293 is an unknown value
R12=0x0 is NULL
R13=0x00007ff4c40b20f0 is a thread
R14=0x00007ff4c4000b80 points into unknown readable memory: 0x00007ff4c997ca38 | 38 ca 97 c9 f4 7f 00 00
R15=0x00007ff4c9a8ae40: <offset 0x0000000001234e40> in /nix/store/gpxl5qgg8kicmcvivwmybwjlpf7wh20l-graalvm17-ce-22.3.0/lib/server/libjvm.so at 0x00007ff4c8856000


Registers:
RAX=0x00007ff4c8650000, RBX=0x00007ff4c974b398, RCX=0x00007ff4c97031e8, RDX=0x0000000000000649
RSP=0x00007ff4a8c16380, RBP=0x00007ff4a8c163a0, RSI=0x00007ff4c974bc48, RDI=0x00000000e0000000
R8 =0x00007ff4c974b398, R9 =0x00007ff4a8c16330, R10=0x00007ff4a8c17948, R11=0x0000000000000293
R12=0x0000000000000000, R13=0x00007ff4c40b20f0, R14=0x00007ff4c4000b80, R15=0x00007ff4c9a8ae40
RIP=0x00007ff4c91c8714, EFLAGS=0x0000000000010206, CSGSFS=0x002b000000000033, ERR=0x0000000000000006
  TRAPNO=0x000000000000000e

Top of Stack: (sp=0x00007ff4a8c16380)
0x00007ff4a8c16380:   00007ff4a8c16940 00007ff4c40b20f0
0x00007ff4a8c16390:   00007ff4aa4588c8 0000000800c415a8
0x00007ff4a8c163a0:   00007ff4a8c16500 00007ff4c91942fe
0x00007ff4a8c163b0:   00007ff4a8c163e0 00007ff4a8c16440 

Instructions: (pc=0x00007ff4c91c8714)
0x00007ff4c91c8614:   30 e8 f6 cf e8 ff 4c 89 e7 e8 2e 48 d1 ff 84 db
0x00007ff4c91c8624:   75 2a 4d 85 ed 74 04 4d 8b 6d 00 48 83 c4 08 44
0x00007ff4c91c8634:   89 f9 4c 89 f2 4c 89 ee 5b 4c 89 e7 41 5c 41 5d
0x00007ff4c91c8644:   41 5e 41 5f 5d e9 e2 47 d1 ff 66 90 48 83 c4 08
0x00007ff4c91c8654:   5b 41 5c 41 5d 41 5e 41 5f 5d c3 90 31 d2 be 08
0x00007ff4c91c8664:   00 00 00 4c 89 ff e8 b1 78 a3 ff 49 89 c5 e9 37
0x00007ff4c91c8674:   ff ff ff 66 0f 1f 84 00 00 00 00 00 48 8b 7a 08
0x00007ff4c91c8684:   e9 6d ff ff ff 0f 1f 80 00 00 00 00 e8 5b 48 0a
0x00007ff4c91c8694:   00 84 c0 75 89 e9 6a ff ff ff 66 90 55 48 89 e5
0x00007ff4c91c86a4:   41 56 41 55 41 54 49 89 fc 53 48 89 f3 66 48 8d
0x00007ff4c91c86b4:   3d 27 5e 85 00 66 66 48 e8 df 43 8d ff 4c 8b 28
0x00007ff4c91c86c4:   8b 05 be 72 8a 00 85 c0 75 14 ba 01 00 00 00 48
0x00007ff4c91c86d4:   8d 0d ae 72 8a 00 f0 0f b1 11 85 c0 74 4e be c8
0x00007ff4c91c86e4:   00 00 00 4c 89 ef e8 01 0b 41 00 48 8d 05 12 ac
0x00007ff4c91c86f4:   85 00 49 89 d8 48 8d 0d e8 aa 53 00 ba 49 06 00
0x00007ff4c91c8704:   00 48 8d 35 3c 35 58 00 bf 00 00 00 e0 48 8b 00
0x00007ff4c91c8714:   c6 00 58 31 c0 e8 e2 91 c6 ff 5b 41 5c 41 5d 41
0x00007ff4c91c8724:   5e 5d e9 55 34 26 00 0f 1f 44 00 00 48 8d 05 81
0x00007ff4c91c8734:   a3 8b 00 48 89 df 4c 8b 30 e8 9e 43 8d ff 48 89
0x00007ff4c91c8744:   de 48 89 c2 49 8b 06 4c 89 f7 ff 50 08 4c 89 f7
0x00007ff4c91c8754:   e8 a7 5c 27 00 4d 85 e4 74 12 be 01 00 00 00 4c
0x00007ff4c91c8764:   89 e7 e8 35 43 fc ff eb 82 0f 1f 00 be 01 00 00
0x00007ff4c91c8774:   00 4c 89 ef e8 d3 fd ff ff e9 6d ff ff ff 66 66
0x00007ff4c91c8784:   2e 0f 1f 84 00 00 00 00 00 0f 1f 00 55 48 89 e5
0x00007ff4c91c8794:   41 57 41 56 41 55 41 54 53 48 81 ec 08 02 00 00
0x00007ff4c91c87a4:   64 48 8b 04 25 28 00 00 00 48 89 45 c8 8b 07 83
0x00007ff4c91c87b4:   f8 02 0f 84 11 04 00 00 4c 8b 6f 18 49 89 ff 49
0x00007ff4c91c87c4:   89 f4 4d 85 ed 74 14 4c 89 ef e8 5d 57 22 00 41
0x00007ff4c91c87d4:   8b 07 83 f8 02 0f 84 19 04 00 00 48 8d 1d 9a 06
0x00007ff4c91c87e4:   8a 00 4c 8d 35 0b 3c 58 00 eb 38 90 48 85 d2 7f
0x00007ff4c91c87f4:   0d 48 8d 05 b4 c0 85 00 48 83 38 00 7e 0e 41 8b
0x00007ff4c91c8804:   77 2c 4c 89 f7 31 c0 e8 a0 b2 f7 ff 49 8b 7f 18 


Stack slot to memory mapping:
stack at sp + 0 slots: 0x00007ff4a8c16940 is pointing into the stack for thread: 0x00007ff4c40b20f0
stack at sp + 1 slots: 0x00007ff4c40b20f0 is a thread
stack at sp + 2 slots: 0x00007ff4aa4588c8 points into unknown readable memory: 0x6573001880c9ffff | ff ff c9 80 18 00 73 65
stack at sp + 3 slots: 0x0000000800c415a8 is a pointer to class: 
jdk.vm.ci.services.Services {0x0000000800c415a8}
 - instance size:     2
 - klass size:        65
 - access:            public final synchronized 
 - state:             fully_initialized
 - name:              'jdk/vm/ci/services/Services'
 - super:             'java/lang/Object'
 - sub:               
 - arrays:            NULL
 - methods:           Array<T>(0x00007ff4a943f958)
 - method ordering:   Array<T>(0x0000000800928960)
 - default_methods:   Array<T>(0x0000000000000000)
 - local interfaces:  Array<T>(0x00000008005ce810)
 - trans. interfaces: Array<T>(0x00000008005ce810)
 - constants:         constant pool [427] {0x00007ff4a943e8e8} for 'jdk/vm/ci/services/Services' cache=0x00007ff4a9440de8
 - class loader data:  loader data: 0x00007ff4c40283f0 of 'bootstrap'
 - source file:       'Services.java'
 - class annotations:       Array<T>(0x0000000000000000)
 - class type annotations:  Array<T>(0x0000000000000000)
 - field annotations:       Array<T>(0x0000000000000000)
 - field type annotations:  Array<T>(0x0000000000000000)
 - inner classes:     Array<T>(0x00007ff4a9440c68)
 - nest members:     Array<T>(0x00007ff4a9440c88)
 - permitted subclasses:     Array<T>(0x00000008005ce7a0)
 - java mirror:       a 'java/lang/Class'{0x00000000e0147520} = 'jdk/vm/ci/services/Services'
 - vtable length      5  (start addr: 0x0000000800c41778)
 - itable length      2 (start addr: 0x0000000800c417a0)
 - ---- static fields (3 words):
 - public static final 'IS_BUILDING_NATIVE_IMAGE' 'Z' @128 
 - public static final 'IS_IN_NATIVE_IMAGE' 'Z' @129 
 - private static volatile 'savedProperties' 'Ljava/util/Map;' @112 
 - static final 'JVMCI_ENABLED' 'Z' @130 
 - private static final 'servicesCache' 'Ljava/util/Map;' @116 
 - private static final 'MAX_UNICODE_IN_UTF8_LENGTH' 'I' @120 
 - private static final 'MAX_UTF8_PROPERTY_STRING_LENGTH' 'I' @124 
 - ---- non-static fields (0 words):
 - non-static oop maps: 
stack at sp + 4 slots: 0x00007ff4a8c16500 is pointing into the stack for thread: 0x00007ff4c40b20f0
stack at sp + 5 slots: 0x00007ff4c91942fe: <offset 0x000000000093e2fe> in /nix/store/gpxl5qgg8kicmcvivwmybwjlpf7wh20l-graalvm17-ce-22.3.0/lib/server/libjvm.so at 0x00007ff4c8856000
stack at sp + 6 slots: 0x00007ff4a8c163e0 is pointing into the stack for thread: 0x00007ff4c40b20f0
stack at sp + 7 slots: 0x00007ff4a8c16440 is pointing into the stack for thread: 0x00007ff4c40b20f0


---------------  P R O C E S S  ---------------

Threads class SMR info:
_java_thread_list=0x00007ff43c0fd880, length=29, elements={
0x00007ff4c4026690, 0x00007ff4c40a63f0, 0x00007ff4c40a7830, 0x00007ff4c40adf60,
0x00007ff4c40af310, 0x00007ff4c40b0700, 0x00007ff4c40b20f0, 0x00007ff4c40b3600,
0x00007ff4c40b4a50, 0x00007ff4c40d79f0, 0x00007ff4c4120270, 0x00007ff4c431bae0,
0x00007ff4c437fc90, 0x00007ff4c4381450, 0x00007ff4c4646970, 0x00007ff458017020,
0x00007ff4582a10a0, 0x00007ff4584813d0, 0x00007ff4585ef7d0, 0x00007ff4c4472250,
0x00007ff4c43f9910, 0x00007ff44c001420, 0x00007ff44804d640, 0x00007ff42c1d4ef0,
0x00007ff42c0e9cd0, 0x00007ff42c0ef260, 0x00007ff42c0eaea0, 0x00007ff42c0eb6f0,
0x00007ff42c0ec330
}

Java Threads: ( => current thread )
  0x00007ff4c4026690 JavaThread "main" [_thread_blocked, id=30, stack(0x00007ff4c8671000,0x00007ff4c8771000)]
  0x00007ff4c40a63f0 JavaThread "Reference Handler" daemon [_thread_blocked, id=33, stack(0x00007ff4a9c01000,0x00007ff4a9d01000)]
  0x00007ff4c40a7830 JavaThread "Finalizer" daemon [_thread_blocked, id=34, stack(0x00007ff4a91fe000,0x00007ff4a92fe000)]
  0x00007ff4c40adf60 JavaThread "Signal Dispatcher" daemon [_thread_blocked, id=35, stack(0x00007ff4a8e18000,0x00007ff4a8f18000)]
  0x00007ff4c40af310 JavaThread "Service Thread" daemon [_thread_blocked, id=36, stack(0x00007ff4a8d18000,0x00007ff4a8e18000)]
  0x00007ff4c40b0700 JavaThread "Monitor Deflation Thread" daemon [_thread_blocked, id=37, stack(0x00007ff4a8c18000,0x00007ff4a8d18000)]
=>0x00007ff4c40b20f0 JavaThread "JVMCI-native CompilerThread0" daemon [_thread_in_vm, id=38, stack(0x00007ff4a8a18000,0x00007ff4a8c18000)]
  0x00007ff4c40b3600 JavaThread "C1 CompilerThread0" daemon [_thread_blocked, id=39, stack(0x00007ff4a8818000,0x00007ff4a8a18000)]
  0x00007ff4c40b4a50 JavaThread "Sweeper thread" daemon [_thread_blocked, id=40, stack(0x00007ff4a8718000,0x00007ff4a8818000)]
  0x00007ff4c40d79f0 JavaThread "Common-Cleaner" daemon [_thread_blocked, id=43, stack(0x00007ff4a8618000,0x00007ff4a8718000)]
  0x00007ff4c4120270 JavaThread "Notification Thread" daemon [_thread_blocked, id=44, stack(0x00007ff4a8518000,0x00007ff4a8618000)]
  0x00007ff4c431bae0 JavaThread "Active Thread: Equinox Container: 9cdf7de9-2f6f-442a-b361-8973004dfa7b" [_thread_blocked, id=56, stack(0x00007ff4a8000000,0x00007ff4a8100000)]
  0x00007ff4c437fc90 JavaThread "Framework Event Dispatcher: Equinox Container: 9cdf7de9-2f6f-442a-b361-8973004dfa7b" daemon [_thread_blocked, id=57, stack(0x00007ff470900000,0x00007ff470a00000)]
  0x00007ff4c4381450 JavaThread "Start Level: Equinox Container: 9cdf7de9-2f6f-442a-b361-8973004dfa7b" daemon [_thread_blocked, id=58, stack(0x00007ff470700000,0x00007ff470800000)]
  0x00007ff4c4646970 JavaThread "Refresh Thread: Equinox Container: 9cdf7de9-2f6f-442a-b361-8973004dfa7b" daemon [_thread_blocked, id=63, stack(0x00007ff470500000,0x00007ff470600000)]
  0x00007ff458017020 JavaThread "SCR Component Actor" daemon [_thread_blocked, id=67, stack(0x00007ff470300000,0x00007ff470400000)]
  0x00007ff4582a10a0 JavaThread "Worker-JM" [_thread_blocked, id=74, stack(0x00007ff46ff00000,0x00007ff470000000)]
  0x00007ff4584813d0 JavaThread "Java indexing" daemon [_thread_blocked, id=77, stack(0x00007ff46f900000,0x00007ff46fa00000)]
  0x00007ff4585ef7d0 JavaThread "Bundle File Closer" daemon [_thread_blocked, id=82, stack(0x00007ff46f700000,0x00007ff46f800000)]
  0x00007ff4c4472250 JavaThread "pool-3-thread-1" [_thread_blocked, id=88, stack(0x00007ff46f500000,0x00007ff46f600000)]
  0x00007ff4c43f9910 JavaThread "pool-2-thread-1" [_thread_blocked, id=93, stack(0x00007ff46f300000,0x00007ff46f400000)]
  0x00007ff44c001420 JavaThread "Worker-3: Compacting resource model" [_thread_blocked, id=94, stack(0x00007ff46f100000,0x00007ff46f200000)]
  0x00007ff44804d640 JavaThread "Worker-6: Periodic workspace save." [_thread_blocked, id=178, stack(0x00007ff46eb00000,0x00007ff46ec00000)]
  0x00007ff42c1d4ef0 JavaThread "Thread-12" [_thread_blocked, id=496, stack(0x00007ff46ed00000,0x00007ff46ee00000)]
  0x00007ff42c0e9cd0 JavaThread "Thread-13" [_thread_blocked, id=501, stack(0x00007ff46fd00000,0x00007ff46fe00000)]
  0x00007ff42c0ef260 JavaThread "Thread-14" [_thread_blocked, id=502, stack(0x00007ff46ef00000,0x00007ff46f000000)]
  0x00007ff42c0eaea0 JavaThread "Thread-16" [_thread_blocked, id=2804, stack(0x00007ff470100000,0x00007ff470200000)]
  0x00007ff42c0eb6f0 JavaThread "Thread-17" [_thread_blocked, id=2845, stack(0x00007ff46f800000,0x00007ff46f900000)]
  0x00007ff42c0ec330 JavaThread "Thread-18" [_thread_blocked, id=3362, stack(0x00007ff46ea00000,0x00007ff46eb00000)]

Other Threads:
  0x00007ff4c40a1b30 VMThread "VM Thread" [stack: 0x00007ff4a9300000,0x00007ff4a9400000] [id=32] _threads_hazard_ptr=0x00007ff43c0fd880
  0x00007ff4c4121c10 WatcherThread [stack: 0x00007ff4a8418000,0x00007ff4a8518000] [id=45]
  0x00007ff4c403df10 GCTaskThread "GC Thread#0" [stack: 0x00007ff4c8234000,0x00007ff4c8334000] [id=31]

Threads with active compile tasks:
JVMCI-native CompilerThread0  3248113 9802       4       org.eclipse.jdt.internal.core.JavaProject::equals (35 bytes)

VM state: synchronizing (normal execution)

VM Mutex/Monitor currently owned by a thread:  ([mutex/lock_event])
[0x00007ff4c4023840] Threads_lock - owner thread: 0x00007ff4c40a1b30
[0x00007ff4c4023ff0] Heap_lock - owner thread: 0x00007ff44804d640

OutOfMemory and StackOverflow Exception counts:
OutOfMemoryError java_heap_errors=10
LinkageErrors=54

Heap address: 0x00000000e0000000, size: 512 MB, Compressed Oops mode: 32-bit

CDS archive(s) mapped at: [0x0000000800000000-0x0000000800bc8000-0x0000000800bc8000), size 12353536, SharedBaseAddress: 0x0000000800000000, ArchiveRelocationMode: 0.
Compressed class space mapped at: 0x0000000800c00000-0x0000000840c00000, reserved size: 1073741824
Narrow klass base: 0x0000000800000000, Narrow klass shift: 0, Narrow klass range: 0x100000000

GC Precious Log:
 CPUs: 16 total, 1 available
 Memory: 1024M
 Large Page Support: Disabled
 NUMA Support: Disabled
 Compressed Oops: Enabled (32-bit)
 Alignments: Space 512K, Generation 512K, Heap 2M
 Heap Min Capacity: 100M
 Heap Initial Capacity: 100M
 Heap Max Capacity: 512M
 Pre-touch: Disabled
 Parallel Workers: 1

Heap:
 PSYoungGen      total 55808K, used 35328K [0x00000000f5580000, 0x00000000fa300000, 0x0000000100000000)
  eden space 35328K, 100% used [0x00000000f5580000,0x00000000f7800000,0x00000000f7800000)
  from space 20480K, 0% used [0x00000000f8f00000,0x00000000f8f00000,0x00000000fa300000)
  to   space 14336K, 0% used [0x00000000f7800000,0x00000000f7800000,0x00000000f8600000)
 ParOldGen       total 349696K, used 349695K [0x00000000e0000000, 0x00000000f5580000, 0x00000000f5580000)
  object space 349696K, 99% used [0x00000000e0000000,0x00000000f557ff88,0x00000000f5580000)
 Metaspace       used 57210K, committed 58048K, reserved 1105920K
  class space    used 5557K, committed 5888K, reserved 1048576K

Card table byte_map: [0x00007ff4c8334000,0x00007ff4c8435000] _byte_map_base: 0x00007ff4c7c34000

Marking Bits: (ParMarkBitMap*) 0x00007ff4c9a844c0
 Begin Bits: [0x00007ff4aa4b3000, 0x00007ff4aacb3000)
 End Bits:   [0x00007ff4aacb3000, 0x00007ff4ab4b3000)

Polling page: 0x00007ff4c864e000

Metaspace:

Usage:
  Non-class:     50.44 MB used.
      Class:      5.43 MB used.
       Both:     55.87 MB used.

Virtual space:
  Non-class space:       56.00 MB reserved,      50.94 MB ( 91%) committed,  7 nodes.
      Class space:        1.00 GB reserved,       5.75 MB ( <1%) committed,  1 nodes.
             Both:        1.05 GB reserved,      56.69 MB (  5%) committed. 

Chunk freelists:
   Non-Class:  1.14 MB
       Class:  2.31 MB
        Both:  3.45 MB

MaxMetaspaceSize: unlimited
CompressedClassSpaceSize: 1.00 GB
Initial GC threshold: 21.00 MB
Current GC threshold: 94.38 MB
CDS: on
MetaspaceReclaimPolicy: balanced
 - commit_granule_bytes: 65536.
 - commit_granule_words: 8192.
 - virtual_space_node_default_size: 1048576.
 - enlarge_chunks_in_place: 1.
 - new_chunks_are_fully_committed: 0.
 - uncommit_free_chunks: 1.
 - use_allocation_guard: 0.
 - handle_deallocations: 1.


Internal statistics:

num_allocs_failed_limit: 6.
num_arena_births: 384.
num_arena_deaths: 78.
num_vsnodes_births: 8.
num_vsnodes_deaths: 0.
num_space_committed: 906.
num_space_uncommitted: 0.
num_chunks_returned_to_freelist: 105.
num_chunks_taken_from_freelist: 2592.
num_chunk_merges: 35.
num_chunk_splits: 1672.
num_chunks_enlarged: 1055.
num_purges: 14.
num_inconsistent_stats: 0.

CodeHeap 'non-profiled nmethods': size=120036Kb used=2619Kb max_used=2619Kb free=117417Kb
 bounds [0x00007ff4b2f7a000, 0x00007ff4b320a000, 0x00007ff4ba4b3000]
CodeHeap 'profiled nmethods': size=120032Kb used=15496Kb max_used=15510Kb free=104535Kb
 bounds [0x00007ff4aba42000, 0x00007ff4ac972000, 0x00007ff4b2f7a000]
CodeHeap 'non-nmethods': size=5692Kb used=1401Kb max_used=1402Kb free=4290Kb
 bounds [0x00007ff4ab4b3000, 0x00007ff4ab723000, 0x00007ff4aba42000]
 total_blobs=7434 nmethods=6695 adapters=617
 compilation: enabled
              stopped_count=0, restarted_count=0
 full_count=0

JVMCI Events (20 events):
Event: 3060.597 Thread 0x00007ff4c40b20f0 destroyed JavaVM[9]@0x00007ff419f9e340 for JVMCI runtime 0
Event: 3060.597 Thread 0x00007ff4c40b20f0 compacted oop handles in JVMCI runtime 0 from 70 to 70
Event: 3060.597 Thread 0x00007ff4c40b20f0 releasing handles for JVMCI runtime 0: oop handles=70, metadata handles={total=109, live=106, blocks=38}
Event: 3060.597 Thread 0x00007ff4c40b20f0 detached from JVMCI runtime 0
Event: 3060.597 Thread 0x00007ff4c40b20f0 attached to JVMCI runtime 0
Event: 3060.602 Thread 0x00007ff4c40b20f0 created JavaVM[10]@0x00007ff419f9e340 for JVMCI runtime 0
Event: 3060.602 Thread 0x00007ff4c40b20f0 initializing JVMCI runtime 0
Event: 3060.602 Thread 0x00007ff4c40b20f0 done waiting for JavaVM references initialization in JVMCI runtime 0
Event: 3075.607 Thread 0x00007ff4c40b20f0 initialized JVMCI runtime 0
Event: 3153.843 Thread 0x00007ff4c40b20f0 detaching from JVMCI runtime 0: releasing idle compiler thread (0 other threads still attached)
Event: 3153.843 Thread 0x00007ff4c40b20f0 shutting down HotSpotJVMCIRuntime for JVMCI runtime 0
Event: 3153.843 Thread 0x00007ff4c40b20f0 shut down JVMCI runtime 0
Event: 3156.429 Thread 0x00007ff4c40b20f0 destroyed JavaVM[10]@0x00007ff419f9e340 for JVMCI runtime 0
Event: 3156.429 Thread 0x00007ff4c40b20f0 compacted oop handles in JVMCI runtime 0 from 64 to 64
Event: 3156.429 Thread 0x00007ff4c40b20f0 releasing handles for JVMCI runtime 0: oop handles=64, metadata handles={total=105, live=103, blocks=38}
Event: 3156.429 Thread 0x00007ff4c40b20f0 detached from JVMCI runtime 0
Event: 3159.198 Thread 0x00007ff4c40b20f0 attached to JVMCI runtime 0
Event: 3159.202 Thread 0x00007ff4c40b20f0 created JavaVM[11]@0x00007ff419f9e340 for JVMCI runtime 0
Event: 3159.202 Thread 0x00007ff4c40b20f0 initializing JVMCI runtime 0
Event: 3159.202 Thread 0x00007ff4c40b20f0 done waiting for JavaVM references initialization in JVMCI runtime 0

Compilation events (20 events):
Event: 3012.850 Thread 0x00007ff4c40b20f0 nmethod 9790 0x00007ff4b3205a90 code [0x00007ff4b3205c20, 0x00007ff4b32060d8]
Event: 3012.850 Thread 0x00007ff4c40b20f0 9791       4       java.lang.invoke.MethodType::hashCode (53 bytes)
Event: 3015.485 Thread 0x00007ff4c40b20f0 nmethod 9791 0x00007ff4b3206310 code [0x00007ff4b32064a0, 0x00007ff4b3206698]
Event: 3015.486 Thread 0x00007ff4c40b20f0 9792       4       org.eclipse.jdt.internal.compiler.lookup.BinaryTypeBinding::createAnnotations (59 bytes)
Event: 3042.463 Thread 0x00007ff4c40b3600 9797       3       java.lang.invoke.LambdaForm$Name::isParam (13 bytes)
Event: 3047.288 Thread 0x00007ff4c40b3600 nmethod 9797 0x00007ff4ac5da390 code [0x00007ff4ac5da520, 0x00007ff4ac5da690]
Event: 3049.608 Thread 0x00007ff4c40b20f0 nmethod 9792 0x00007ff4b3206890 code [0x00007ff4b3206a40, 0x00007ff4b3206d80]
Event: 3049.608 Thread 0x00007ff4c40b20f0 9793       4       org.eclipse.jdt.internal.compiler.lookup.BinaryTypeBinding::kind (31 bytes)
Event: 3049.611 Thread 0x00007ff4c40b20f0 nmethod 9793 0x00007ff4b3206f90 code [0x00007ff4b3207100, 0x00007ff4b3207198]
Event: 3060.597 Thread 0x00007ff4c40b20f0 9798       4       jdk.internal.org.objectweb.asm.SymbolTable::put (150 bytes)
Event: 3099.596 Thread 0x00007ff4c40b20f0 nmethod 9798 0x00007ff4b3207290 code [0x00007ff4b3207420, 0x00007ff4b3207760]
Event: 3099.596 Thread 0x00007ff4c40b20f0 9800       4       org.eclipse.jdt.internal.compiler.util.SimpleSetOfCharArray::add (90 bytes)
Event: 3120.849 Thread 0x00007ff4c40b20f0 nmethod 9800 0x00007ff4b3207990 code [0x00007ff4b3207b20, 0x00007ff4b3208068]
Event: 3120.889 Thread 0x00007ff4c40b20f0 9799       4       java.util.Collections$UnmodifiableMap$UnmodifiableEntrySet$1::next (5 bytes)
Event: 3146.323 Thread 0x00007ff4c40b3600 9801       3       java.util.concurrent.ScheduledThreadPoolExecutor$ScheduledFutureTask::isPeriodic (15 bytes)
Event: 3146.323 Thread 0x00007ff4c40b3600 nmethod 9801 0x00007ff4ac5da010 code [0x00007ff4ac5da1a0, 0x00007ff4ac5da310]
Event: 3151.190 Thread 0x00007ff4c40b20f0 nmethod 9799 0x00007ff4b3208310 code [0x00007ff4b32084e0, 0x00007ff4b32088b0]
Event: 3159.198 Thread 0x00007ff4c40b20f0 9802       4       org.eclipse.jdt.internal.core.JavaProject::equals (35 bytes)
Event: 3169.527 Thread 0x00007ff4c40b3600 9803       3       org.eclipse.jdt.internal.compiler.lookup.ReferenceBinding::storeAnnotations (93 bytes)
Event: 3169.528 Thread 0x00007ff4c40b3600 nmethod 9803 0x00007ff4ac5d8a10 code [0x00007ff4ac5d8c60, 0x00007ff4ac5d9d20]

GC Heap History (20 events):
Event: 3223.883 GC heap before
{Heap before GC invocations=1270 (full 1206):
 PSYoungGen      total 55808K, used 35328K [0x00000000f5580000, 0x00000000fa300000, 0x0000000100000000)
  eden space 35328K, 100% used [0x00000000f5580000,0x00000000f7800000,0x00000000f7800000)
  from space 20480K, 0% used [0x00000000f8f00000,0x00000000f8f00000,0x00000000fa300000)
  to   space 14336K, 0% used [0x00000000f7800000,0x00000000f7800000,0x00000000f8600000)
 ParOldGen       total 349696K, used 349688K [0x00000000e0000000, 0x00000000f5580000, 0x00000000f5580000)
  object space 349696K, 99% used [0x00000000e0000000,0x00000000f557e238,0x00000000f5580000)
 Metaspace       used 57210K, committed 58048K, reserved 1105920K
  class space    used 5557K, committed 5888K, reserved 1048576K
}
Event: 3226.484 GC heap after
{Heap after GC invocations=1270 (full 1206):
 PSYoungGen      total 49664K, used 35328K [0x00000000f5580000, 0x00000000fa300000, 0x0000000100000000)
  eden space 35328K, 100% used [0x00000000f5580000,0x00000000f7800000,0x00000000f7800000)
  from space 14336K, 0% used [0x00000000f7800000,0x00000000f7800000,0x00000000f8600000)
  to   space 20480K, 0% used [0x00000000f8f00000,0x00000000f8f00000,0x00000000fa300000)
 ParOldGen       total 349696K, used 349688K [0x00000000e0000000, 0x00000000f5580000, 0x00000000f5580000)
  object space 349696K, 99% used [0x00000000e0000000,0x00000000f557e238,0x00000000f5580000)
 Metaspace       used 57210K, committed 58048K, reserved 1105920K
  class space    used 5557K, committed 5888K, reserved 1048576K
}
Event: 3226.484 GC heap before
{Heap before GC invocations=1271 (full 1207):
 PSYoungGen      total 49664K, used 35328K [0x00000000f5580000, 0x00000000fa300000, 0x0000000100000000)
  eden space 35328K, 100% used [0x00000000f5580000,0x00000000f7800000,0x00000000f7800000)
  from space 14336K, 0% used [0x00000000f7800000,0x00000000f7800000,0x00000000f8600000)
  to   space 20480K, 0% used [0x00000000f8f00000,0x00000000f8f00000,0x00000000fa300000)
 ParOldGen       total 349696K, used 349692K [0x00000000e0000000, 0x00000000f5580000, 0x00000000f5580000)
  object space 349696K, 99% used [0x00000000e0000000,0x00000000f557f208,0x00000000f5580000)
 Metaspace       used 57210K, committed 58048K, reserved 1105920K
  class space    used 5557K, committed 5888K, reserved 1048576K
}
Event: 3228.726 GC heap after
{Heap after GC invocations=1271 (full 1207):
 PSYoungGen      total 55808K, used 35328K [0x00000000f5580000, 0x00000000fa300000, 0x0000000100000000)
  eden space 35328K, 100% used [0x00000000f5580000,0x00000000f7800000,0x00000000f7800000)
  from space 20480K, 0% used [0x00000000f8f00000,0x00000000f8f00000,0x00000000fa300000)
  to   space 14336K, 0% used [0x00000000f7800000,0x00000000f7800000,0x00000000f8600000)
 ParOldGen       total 349696K, used 349691K [0x00000000e0000000, 0x00000000f5580000, 0x00000000f5580000)
  object space 349696K, 99% used [0x00000000e0000000,0x00000000f557ee68,0x00000000f5580000)
 Metaspace       used 57210K, committed 58048K, reserved 1105920K
  class space    used 5557K, committed 5888K, reserved 1048576K
}
Event: 3228.726 GC heap before
{Heap before GC invocations=1272 (full 1208):
 PSYoungGen      total 55808K, used 35328K [0x00000000f5580000, 0x00000000fa300000, 0x0000000100000000)
  eden space 35328K, 100% used [0x00000000f5580000,0x00000000f7800000,0x00000000f7800000)
  from space 20480K, 0% used [0x00000000f8f00000,0x00000000f8f00000,0x00000000fa300000)
  to   space 14336K, 0% used [0x00000000f7800000,0x00000000f7800000,0x00000000f8600000)
 ParOldGen       total 349696K, used 349693K [0x00000000e0000000, 0x00000000f5580000, 0x00000000f5580000)
  object space 349696K, 99% used [0x00000000e0000000,0x00000000f557f668,0x00000000f5580000)
 Metaspace       used 57210K, committed 58048K, reserved 1105920K
  class space    used 5557K, committed 5888K, reserved 1048576K
}
Event: 3231.348 GC heap after
{Heap after GC invocations=1272 (full 1208):
 PSYoungGen      total 49664K, used 35328K [0x00000000f5580000, 0x00000000fa300000, 0x0000000100000000)
  eden space 35328K, 100% used [0x00000000f5580000,0x00000000f7800000,0x00000000f7800000)
  from space 14336K, 0% used [0x00000000f7800000,0x00000000f7800000,0x00000000f8600000)
  to   space 20480K, 0% used [0x00000000f8f00000,0x00000000f8f00000,0x00000000fa300000)
 ParOldGen       total 349696K, used 349693K [0x00000000e0000000, 0x00000000f5580000, 0x00000000f5580000)
  object space 349696K, 99% used [0x00000000e0000000,0x00000000f557f510,0x00000000f5580000)
 Metaspace       used 57210K, committed 58048K, reserved 1105920K
  class space    used 5557K, committed 5888K, reserved 1048576K
}
Event: 3231.349 GC heap before
{Heap before GC invocations=1273 (full 1209):
 PSYoungGen      total 49664K, used 35328K [0x00000000f5580000, 0x00000000fa300000, 0x0000000100000000)
  eden space 35328K, 100% used [0x00000000f5580000,0x00000000f7800000,0x00000000f7800000)
  from space 14336K, 0% used [0x00000000f7800000,0x00000000f7800000,0x00000000f8600000)
  to   space 20480K, 0% used [0x00000000f8f00000,0x00000000f8f00000,0x00000000fa300000)
 ParOldGen       total 349696K, used 349694K [0x00000000e0000000, 0x00000000f5580000, 0x00000000f5580000)
  object space 349696K, 99% used [0x00000000e0000000,0x00000000f557f9a0,0x00000000f5580000)
 Metaspace       used 57210K, committed 58048K, reserved 1105920K
  class space    used 5557K, committed 5888K, reserved 1048576K
}
Event: 3233.837 GC heap after
{Heap after GC invocations=1273 (full 1209):
 PSYoungGen      total 55808K, used 35328K [0x00000000f5580000, 0x00000000fa300000, 0x0000000100000000)
  eden space 35328K, 100% used [0x00000000f5580000,0x00000000f7800000,0x00000000f7800000)
  from space 20480K, 0% used [0x00000000f8f00000,0x00000000f8f00000,0x00000000fa300000)
  to   space 14336K, 0% used [0x00000000f7800000,0x00000000f7800000,0x00000000f8600000)
 ParOldGen       total 349696K, used 349693K [0x00000000e0000000, 0x00000000f5580000, 0x00000000f5580000)
  object space 349696K, 99% used [0x00000000e0000000,0x00000000f557f610,0x00000000f5580000)
 Metaspace       used 57210K, committed 58048K, reserved 1105920K
  class space    used 5557K, committed 5888K, reserved 1048576K
}
Event: 3233.838 GC heap before
{Heap before GC invocations=1274 (full 1210):
 PSYoungGen      total 55808K, used 35328K [0x00000000f5580000, 0x00000000fa300000, 0x0000000100000000)
  eden space 35328K, 100% used [0x00000000f5580000,0x00000000f7800000,0x00000000f7800000)
  from space 20480K, 0% used [0x00000000f8f00000,0x00000000f8f00000,0x00000000fa300000)
  to   space 14336K, 0% used [0x00000000f7800000,0x00000000f7800000,0x00000000f8600000)
 ParOldGen       total 349696K, used 349695K [0x00000000e0000000, 0x00000000f5580000, 0x00000000f5580000)
  object space 349696K, 99% used [0x00000000e0000000,0x00000000f557fde0,0x00000000f5580000)
 Metaspace       used 57210K, committed 58048K, reserved 1105920K
  class space    used 5557K, committed 5888K, reserved 1048576K
}
Event: 3236.451 GC heap after
{Heap after GC invocations=1274 (full 1210):
 PSYoungGen      total 49664K, used 35328K [0x00000000f5580000, 0x00000000fa300000, 0x0000000100000000)
  eden space 35328K, 100% used [0x00000000f5580000,0x00000000f7800000,0x00000000f7800000)
  from space 14336K, 0% used [0x00000000f7800000,0x00000000f7800000,0x00000000f8600000)
  to   space 20480K, 0% used [0x00000000f8f00000,0x00000000f8f00000,0x00000000fa300000)
 ParOldGen       total 349696K, used 349694K [0x00000000e0000000, 0x00000000f5580000, 0x00000000f5580000)
  object space 349696K, 99% used [0x00000000e0000000,0x00000000f557f980,0x00000000f5580000)
 Metaspace       used 57210K, committed 58048K, reserved 1105920K
  class space    used 5557K, committed 5888K, reserved 1048576K
}
Event: 3236.452 GC heap before
{Heap before GC invocations=1275 (full 1211):
 PSYoungGen      total 49664K, used 35328K [0x00000000f5580000, 0x00000000fa300000, 0x0000000100000000)
  eden space 35328K, 100% used [0x00000000f5580000,0x00000000f7800000,0x00000000f7800000)
  from space 14336K, 0% used [0x00000000f7800000,0x00000000f7800000,0x00000000f8600000)
  to   space 20480K, 0% used [0x00000000f8f00000,0x00000000f8f00000,0x00000000fa300000)
 ParOldGen       total 349696K, used 349695K [0x00000000e0000000, 0x00000000f5580000, 0x00000000f5580000)
  object space 349696K, 99% used [0x00000000e0000000,0x00000000f557fd60,0x00000000f5580000)
 Metaspace       used 57210K, committed 58048K, reserved 1105920K
  class space    used 5557K, committed 5888K, reserved 1048576K
}
Event: 3238.710 GC heap after
{Heap after GC invocations=1275 (full 1211):
 PSYoungGen      total 55808K, used 35328K [0x00000000f5580000, 0x00000000fa300000, 0x0000000100000000)
  eden space 35328K, 100% used [0x00000000f5580000,0x00000000f7800000,0x00000000f7800000)
  from space 20480K, 0% used [0x00000000f8f00000,0x00000000f8f00000,0x00000000fa300000)
  to   space 14336K, 0% used [0x00000000f7800000,0x00000000f7800000,0x00000000f8600000)
 ParOldGen       total 349696K, used 349694K [0x00000000e0000000, 0x00000000f5580000, 0x00000000f5580000)
  object space 349696K, 99% used [0x00000000e0000000,0x00000000f557fb70,0x00000000f5580000)
 Metaspace       used 57210K, committed 58048K, reserved 1105920K
  class space    used 5557K, committed 5888K, reserved 1048576K
}
Event: 3238.711 GC heap before
{Heap before GC invocations=1276 (full 1212):
 PSYoungGen      total 55808K, used 35328K [0x00000000f5580000, 0x00000000fa300000, 0x0000000100000000)
  eden space 35328K, 100% used [0x00000000f5580000,0x00000000f7800000,0x00000000f7800000)
  from space 20480K, 0% used [0x00000000f8f00000,0x00000000f8f00000,0x00000000fa300000)
  to   space 14336K, 0% used [0x00000000f7800000,0x00000000f7800000,0x00000000f8600000)
 ParOldGen       total 349696K, used 349695K [0x00000000e0000000, 0x00000000f5580000, 0x00000000f5580000)
  object space 349696K, 99% used [0x00000000e0000000,0x00000000f557fff8,0x00000000f5580000)
 Metaspace       used 57210K, committed 58048K, reserved 1105920K
  class space    used 5557K, committed 5888K, reserved 1048576K
}
Event: 3241.020 GC heap after
{Heap after GC invocations=1276 (full 1212):
 PSYoungGen      total 49664K, used 35328K [0x00000000f5580000, 0x00000000fa300000, 0x0000000100000000)
  eden space 35328K, 100% used [0x00000000f5580000,0x00000000f7800000,0x00000000f7800000)
  from space 14336K, 0% used [0x00000000f7800000,0x00000000f7800000,0x00000000f8600000)
  to   space 20480K, 0% used [0x00000000f8f00000,0x00000000f8f00000,0x00000000fa300000)
 ParOldGen       total 349696K, used 349695K [0x00000000e0000000, 0x00000000f5580000, 0x00000000f5580000)
  object space 349696K, 99% used [0x00000000e0000000,0x00000000f557fd50,0x00000000f5580000)
 Metaspace       used 57210K, committed 58048K, reserved 1105920K
  class space    used 5557K, committed 5888K, reserved 1048576K
}
Event: 3241.020 GC heap before
{Heap before GC invocations=1277 (full 1213):
 PSYoungGen      total 49664K, used 35328K [0x00000000f5580000, 0x00000000fa300000, 0x0000000100000000)
  eden space 35328K, 100% used [0x00000000f5580000,0x00000000f7800000,0x00000000f7800000)
  from space 14336K, 0% used [0x00000000f7800000,0x00000000f7800000,0x00000000f8600000)
  to   space 20480K, 0% used [0x00000000f8f00000,0x00000000f8f00000,0x00000000fa300000)
 ParOldGen       total 349696K, used 349695K [0x00000000e0000000, 0x00000000f5580000, 0x00000000f5580000)
  object space 349696K, 99% used [0x00000000e0000000,0x00000000f557fdc0,0x00000000f5580000)
 Metaspace       used 57210K, committed 58048K, reserved 1105920K
  class space    used 5557K, committed 5888K, reserved 1048576K
}
Event: 3243.324 GC heap after
{Heap after GC invocations=1277 (full 1213):
 PSYoungGen      total 55808K, used 35328K [0x00000000f5580000, 0x00000000fa300000, 0x0000000100000000)
  eden space 35328K, 100% used [0x00000000f5580000,0x00000000f7800000,0x00000000f7800000)
  from space 20480K, 0% used [0x00000000f8f00000,0x00000000f8f00000,0x00000000fa300000)
  to   space 14336K, 0% used [0x00000000f7800000,0x00000000f7800000,0x00000000f8600000)
 ParOldGen       total 349696K, used 349695K [0x00000000e0000000, 0x00000000f5580000, 0x00000000f5580000)
  object space 349696K, 99% used [0x00000000e0000000,0x00000000f557fd30,0x00000000f5580000)
 Metaspace       used 57210K, committed 58048K, reserved 1105920K
  class space    used 5557K, committed 5888K, reserved 1048576K
}
Event: 3243.324 GC heap before
{Heap before GC invocations=1278 (full 1214):
 PSYoungGen      total 55808K, used 35328K [0x00000000f5580000, 0x00000000fa300000, 0x0000000100000000)
  eden space 35328K, 100% used [0x00000000f5580000,0x00000000f7800000,0x00000000f7800000)
  from space 20480K, 0% used [0x00000000f8f00000,0x00000000f8f00000,0x00000000fa300000)
  to   space 14336K, 0% used [0x00000000f7800000,0x00000000f7800000,0x00000000f8600000)
 ParOldGen       total 349696K, used 349695K [0x00000000e0000000, 0x00000000f5580000, 0x00000000f5580000)
  object space 349696K, 99% used [0x00000000e0000000,0x00000000f557fe10,0x00000000f5580000)
 Metaspace       used 57210K, committed 58048K, reserved 1105920K
  class space    used 5557K, committed 5888K, reserved 1048576K
}
Event: 3245.622 GC heap after
{Heap after GC invocations=1278 (full 1214):
 PSYoungGen      total 49664K, used 35328K [0x00000000f5580000, 0x00000000fa300000, 0x0000000100000000)
  eden space 35328K, 100% used [0x00000000f5580000,0x00000000f7800000,0x00000000f7800000)
  from space 14336K, 0% used [0x00000000f7800000,0x00000000f7800000,0x00000000f8600000)
  to   space 20480K, 0% used [0x00000000f8f00000,0x00000000f8f00000,0x00000000fa300000)
 ParOldGen       total 349696K, used 349695K [0x00000000e0000000, 0x00000000f5580000, 0x00000000f5580000)
  object space 349696K, 99% used [0x00000000e0000000,0x00000000f557fd30,0x00000000f5580000)
 Metaspace       used 57210K, committed 58048K, reserved 1105920K
  class space    used 5557K, committed 5888K, reserved 1048576K
}
Event: 3245.622 GC heap before
{Heap before GC invocations=1279 (full 1215):
 PSYoungGen      total 49664K, used 35328K [0x00000000f5580000, 0x00000000fa300000, 0x0000000100000000)
  eden space 35328K, 100% used [0x00000000f5580000,0x00000000f7800000,0x00000000f7800000)
  from space 14336K, 0% used [0x00000000f7800000,0x00000000f7800000,0x00000000f8600000)
  to   space 20480K, 0% used [0x00000000f8f00000,0x00000000f8f00000,0x00000000fa300000)
 ParOldGen       total 349696K, used 349695K [0x00000000e0000000, 0x00000000f5580000, 0x00000000f5580000)
  object space 349696K, 99% used [0x00000000e0000000,0x00000000f557fd30,0x00000000f5580000)
 Metaspace       used 57210K, committed 58048K, reserved 1105920K
  class space    used 5557K, committed 5888K, reserved 1048576K
}
Event: 3247.907 GC heap after
{Heap after GC invocations=1279 (full 1215):
 PSYoungGen      total 55808K, used 35328K [0x00000000f5580000, 0x00000000fa300000, 0x0000000100000000)
  eden space 35328K, 100% used [0x00000000f5580000,0x00000000f7800000,0x00000000f7800000)
  from space 20480K, 0% used [0x00000000f8f00000,0x00000000f8f00000,0x00000000fa300000)
  to   space 14336K, 0% used [0x00000000f7800000,0x00000000f7800000,0x00000000f8600000)
 ParOldGen       total 349696K, used 349695K [0x00000000e0000000, 0x00000000f5580000, 0x00000000f5580000)
  object space 349696K, 99% used [0x00000000e0000000,0x00000000f557fd30,0x00000000f5580000)
 Metaspace       used 57210K, committed 58048K, reserved 1105920K
  class space    used 5557K, committed 5888K, reserved 1048576K
}

Dll operation events (9 events):
Event: 0.006 Loaded shared library /nix/store/gpxl5qgg8kicmcvivwmybwjlpf7wh20l-graalvm17-ce-22.3.0/lib/libjava.so
Event: 0.017 Loaded shared library /nix/store/gpxl5qgg8kicmcvivwmybwjlpf7wh20l-graalvm17-ce-22.3.0/lib/libjsvml.so
Event: 0.599 Loaded shared library /nix/store/gpxl5qgg8kicmcvivwmybwjlpf7wh20l-graalvm17-ce-22.3.0/lib/libjvmcicompiler.so
Event: 0.600 Loaded shared library /nix/store/gpxl5qgg8kicmcvivwmybwjlpf7wh20l-graalvm17-ce-22.3.0/lib/libnio.so
Event: 0.606 Loaded shared library /nix/store/gpxl5qgg8kicmcvivwmybwjlpf7wh20l-graalvm17-ce-22.3.0/lib/libzip.so
Event: 1.199 Loaded shared library /nix/store/gpxl5qgg8kicmcvivwmybwjlpf7wh20l-graalvm17-ce-22.3.0/lib/libjimage.so
Event: 2.099 Loaded shared library /nix/store/gpxl5qgg8kicmcvivwmybwjlpf7wh20l-graalvm17-ce-22.3.0/lib/libnet.so
Event: 7.901 Loaded shared library /home/runner/.cache/jdt-language-server/config/org.eclipse.equinox.launcher/org.eclipse.equinox.launcher.gtk.linux.x86_64_1.2.400.v20211117-0650/eclipse_11600.so
Event: 23.895 Loaded shared library /nix/store/gpxl5qgg8kicmcvivwmybwjlpf7wh20l-graalvm17-ce-22.3.0/lib/libextnet.so

Deoptimization events (20 events):
Event: 126.805 Thread 0x00007ff4584813d0 DEOPT PACKING pc=0x00007ff4ac718bdd sp=0x00007ff46f9fe530
Event: 126.805 Thread 0x00007ff4584813d0 DEOPT UNPACKING pc=0x00007ff4ab505325 sp=0x00007ff46f9fda20 mode 0
Event: 126.808 Thread 0x00007ff4584813d0 DEOPT PACKING pc=0x00007ff4ac718bdd sp=0x00007ff46f9fe530
Event: 126.808 Thread 0x00007ff4584813d0 DEOPT UNPACKING pc=0x00007ff4ab505325 sp=0x00007ff46f9fda20 mode 0
Event: 224.110 Thread 0x00007ff4c40b20f0 Uncommon trap: trap_request=0xffffffcd fr.pc=0x00007ff4b3119705 relative=0x00000000000004c5
Event: 224.110 Thread 0x00007ff4c40b20f0 Uncommon trap: reason=intrinsic_or_type_checked_inlining action=reinterpret pc=0x00007ff4b3119705 method=java.io.DataOutputStream.writeInt(I)V @ 0 jvmci
Event: 224.110 Thread 0x00007ff4c40b20f0 DEOPT PACKING pc=0x00007ff4b3119705 sp=0x00007ff4a8c16000
Event: 224.110 Thread 0x00007ff4c40b20f0 DEOPT UNPACKING pc=0x00007ff4ab505325 sp=0x00007ff4a8c154d8 mode 3
Event: 228.991 Thread 0x00007ff42c0e9cd0 Uncommon trap: trap_request=0xffffffcd fr.pc=0x00007ff4b310be4a relative=0x000000000000022a
Event: 228.991 Thread 0x00007ff42c0e9cd0 Uncommon trap: reason=intrinsic_or_type_checked_inlining action=reinterpret pc=0x00007ff4b310be4a method=org.eclipse.jdt.internal.compiler.parser.Scanner.isInModuleDeclaration()Z @ 0 jvmci
Event: 228.991 Thread 0x00007ff42c0e9cd0 DEOPT PACKING pc=0x00007ff4b310be4a sp=0x00007ff46fdfddd0
Event: 228.991 Thread 0x00007ff42c0e9cd0 DEOPT UNPACKING pc=0x00007ff4ab505325 sp=0x00007ff46fdfd270 mode 3
Event: 2216.601 Thread 0x00007ff42c0ea770 DEOPT PACKING pc=0x00007ff4b31eb654 sp=0x00007ff46fbfdb80
Event: 2216.601 Thread 0x00007ff42c0ea770 DEOPT UNPACKING pc=0x00007ff4ab505325 sp=0x00007ff46fbfcfd8 mode 1
Event: 2216.601 Thread 0x00007ff42c0ea770 DEOPT PACKING pc=0x00007ff4b31e64c0 sp=0x00007ff46fbfdc40
Event: 2216.601 Thread 0x00007ff42c0ea770 DEOPT UNPACKING pc=0x00007ff4ab505325 sp=0x00007ff46fbfd160 mode 1
Event: 2297.935 Thread 0x00007ff4c43f9910 Uncommon trap: trap_request=0xffffff8f fr.pc=0x00007ff4b309b09e relative=0x00000000000000fe
Event: 2297.935 Thread 0x00007ff4c43f9910 Uncommon trap: reason=constraint action=none pc=0x00007ff4b309b09e method=java.lang.StringBuilder.<init>()V @ 0 jvmci
Event: 2297.935 Thread 0x00007ff4c43f9910 DEOPT PACKING pc=0x00007ff4b309b09e sp=0x00007ff46f3fe400
Event: 2297.935 Thread 0x00007ff4c43f9910 DEOPT UNPACKING pc=0x00007ff4ab505325 sp=0x00007ff46f3fd8a8 mode 3

Classes unloaded (20 events):
Event: 155.204 Thread 0x00007ff4c40a1b30 Unloading class 0x0000000800d05000 'java/lang/invoke/LambdaForm$MH+0x0000000800d05000'
Event: 155.204 Thread 0x00007ff4c40a1b30 Unloading class 0x0000000800d04c00 'java/lang/invoke/LambdaForm$MH+0x0000000800d04c00'
Event: 155.204 Thread 0x00007ff4c40a1b30 Unloading class 0x0000000800d04800 'java/lang/invoke/LambdaForm$MH+0x0000000800d04800'
Event: 163.218 Thread 0x00007ff4c40a1b30 Unloading class 0x0000000800f0c000 'jdk/internal/reflect/GeneratedConstructorAccessor14'
Event: 163.218 Thread 0x00007ff4c40a1b30 Unloading class 0x0000000800f01000 'jdk/internal/reflect/GeneratedConstructorAccessor12'
Event: 163.218 Thread 0x00007ff4c40a1b30 Unloading class 0x0000000800f00c00 'jdk/internal/reflect/GeneratedConstructorAccessor11'
Event: 163.218 Thread 0x00007ff4c40a1b30 Unloading class 0x0000000800f00800 'jdk/internal/reflect/GeneratedConstructorAccessor10'
Event: 168.196 Thread 0x00007ff4c40a1b30 Unloading class 0x0000000801051000 'java/lang/invoke/LambdaForm$MH+0x0000000801051000'
Event: 168.196 Thread 0x00007ff4c40a1b30 Unloading class 0x0000000801050c00 'java/lang/invoke/LambdaForm$MH+0x0000000801050c00'
Event: 168.196 Thread 0x00007ff4c40a1b30 Unloading class 0x0000000801050800 'java/lang/invoke/LambdaForm$MH+0x0000000801050800'
Event: 168.196 Thread 0x00007ff4c40a1b30 Unloading class 0x0000000801050400 'java/lang/invoke/LambdaForm$MH+0x0000000801050400'
Event: 168.196 Thread 0x00007ff4c40a1b30 Unloading class 0x0000000801050000 'java/lang/invoke/LambdaForm$MH+0x0000000801050000'
Event: 168.196 Thread 0x00007ff4c40a1b30 Unloading class 0x000000080104a400 'java/lang/invoke/LambdaForm$MH+0x000000080104a400'
Event: 168.196 Thread 0x00007ff4c40a1b30 Unloading class 0x0000000800d98400 'java/lang/invoke/LambdaForm$MH+0x0000000800d98400'
Event: 168.196 Thread 0x00007ff4c40a1b30 Unloading class 0x0000000800d04000 'java/lang/invoke/LambdaForm$MH+0x0000000800d04000'
Event: 201.099 Thread 0x00007ff4c40a1b30 Unloading class 0x0000000801085400 'jdk/internal/reflect/GeneratedSerializationConstructorAccessor4'
Event: 201.099 Thread 0x00007ff4c40a1b30 Unloading class 0x0000000801085000 'jdk/internal/reflect/GeneratedSerializationConstructorAccessor3'
Event: 201.099 Thread 0x00007ff4c40a1b30 Unloading class 0x0000000801084c00 'jdk/internal/reflect/GeneratedSerializationConstructorAccessor2'
Event: 201.099 Thread 0x00007ff4c40a1b30 Unloading class 0x0000000801084800 'jdk/internal/reflect/GeneratedSerializationConstructorAccessor1'
Event: 256.796 Thread 0x00007ff4c40a1b30 Unloading class 0x00000008011a8800 'jdk/internal/reflect/GeneratedConstructorAccessor34'

Classes redefined (0 events):
No events

Internal exceptions (20 events):
Event: 82.490 Thread 0x00007ff42c0e9cd0 Exception <a 'java/lang/NoSuchMethodError'{0x00000000f735ea80}: 'java.lang.Object java.lang.invoke.DirectMethodHandle$Holder.invokeStatic(java.lang.Object, int, java.lang.Object, java.lang.Object, java.lang.Object, java.lang.Object)'> (0x00000000f735ea80) 
thrown [src/hotspot/share/interpreter/linkResolver.cpp, line 758]
Event: 82.491 Thread 0x00007ff42c0e9cd0 Exception <a 'java/lang/NoSuchMethodError'{0x00000000f73657c0}: 'java.lang.Object java.lang.invoke.DirectMethodHandle$Holder.newInvokeSpecial(java.lang.Object, int, java.lang.Object, java.lang.Object, java.lang.Object)'> (0x00000000f73657c0) 
thrown [src/hotspot/share/interpreter/linkResolver.cpp, line 758]
Event: 82.699 Thread 0x00007ff42c1d2810 Exception <a 'java/lang/NoSuchMethodError'{0x00000000f74e74e8}: 'void java.lang.invoke.DirectMethodHandle$Holder.invokeSpecial(java.lang.Object, java.lang.Object, int)'> (0x00000000f74e74e8) 
thrown [src/hotspot/share/interpreter/linkResolver.cpp, line 758]
Event: 83.885 Thread 0x00007ff42c0e9cd0 Exception <a 'java/lang/NoSuchMethodError'{0x00000000f5e9de58}: 'int java.lang.invoke.DirectMethodHandle$Holder.invokeStatic(java.lang.Object, int, int, java.lang.Object)'> (0x00000000f5e9de58) 
thrown [src/hotspot/share/interpreter/linkResolver.cpp, line 758]
Event: 84.494 Thread 0x00007ff42c0e9cd0 Exception <a 'java/lang/NoSuchMethodError'{0x00000000f6c79730}: 'int java.lang.invoke.DirectMethodHandle$Holder.invokeSpecialIFC(java.lang.Object, java.lang.Object, java.lang.Object, java.lang.Object)'> (0x00000000f6c79730) 
thrown [src/hotspot/share/interpreter/linkResolver.cpp, line 758]
Event: 118.395 Thread 0x00007ff4c43f9910 Exception <a 'java/lang/NoSuchMethodError'{0x00000000f610a9a0}: 'java.lang.Object java.lang.invoke.DirectMethodHandle$Holder.invokeStatic(java.lang.Object, java.lang.Object, int, java.lang.Object)'> (0x00000000f610a9a0) 
thrown [src/hotspot/share/interpreter/linkResolver.cpp, line 758]
Event: 118.487 Thread 0x00007ff4c43f9910 Exception <a 'java/lang/NoSuchMethodError'{0x00000000f61bccd8}: 'java.lang.Object java.lang.invoke.DirectMethodHandle$Holder.newInvokeSpecial(java.lang.Object, java.lang.Object, int)'> (0x00000000f61bccd8) 
thrown [src/hotspot/share/interpreter/linkResolver.cpp, line 758]
Event: 119.585 Thread 0x00007ff42c1d4ef0 Implicit null exception at 0x00007ff4b2fb47d5 to 0x00007ff4b2fb4b79
Event: 119.585 Thread 0x00007ff42c1d4ef0 Implicit null exception at 0x00007ff4b2ffa155 to 0x00007ff4b2ffa4f9
Event: 2119.102 Thread 0x00007ff4c43f9910 Exception <a 'java/lang/OutOfMemoryError'{0x00000000e0003e90}> (0x00000000e0003e90) 
thrown [src/hotspot/share/gc/shared/memAllocator.cpp, line 136]
Event: 2216.601 Thread 0x00007ff42c0ea770 Exception <a 'java/lang/OutOfMemoryError'{0x00000000e0004160}> (0x00000000e0004160) 
thrown [src/hotspot/share/gc/shared/memAllocator.cpp, line 136]
Event: 2239.588 Thread 0x00007ff42c0e9cd0 Exception <a 'java/lang/OutOfMemoryError'{0x00000000e0004750}> (0x00000000e0004750) 
thrown [src/hotspot/share/gc/shared/memAllocator.cpp, line 136]
Event: 2256.095 Thread 0x00007ff42c0eaea0 Exception <a 'java/lang/OutOfMemoryError'{0x00000000e0004750}> (0x00000000e0004750) 
thrown [src/hotspot/share/gc/shared/memAllocator.cpp, line 136]
Event: 2264.093 Thread 0x00007ff42c0ec330 Exception <a 'java/lang/OutOfMemoryError'{0x00000000e0004750}> (0x00000000e0004750) 
thrown [src/hotspot/share/gc/shared/memAllocator.cpp, line 136]
Event: 2297.935 Thread 0x00007ff4c43f9910 Exception <a 'java/lang/OutOfMemoryError'{0x00000000e0004430}> (0x00000000e0004430) 
thrown [src/hotspot/share/gc/shared/memAllocator.cpp, line 138]
Event: 2297.935 Thread 0x00007ff4c43f9910 Implicit null exception at 0x00007ff4b309b07c to 0x00007ff4b309b083
Event: 2303.523 Thread 0x00007ff42c0eaea0 Exception <a 'java/lang/OutOfMemoryError'{0x00000000e0004750}> (0x00000000e0004750) 
thrown [src/hotspot/share/gc/shared/memAllocator.cpp, line 136]
Event: 2312.093 Thread 0x00007ff42c0eaea0 Exception <a 'java/lang/OutOfMemoryError'{0x00000000e0004750}> (0x00000000e0004750) 
thrown [src/hotspot/share/gc/shared/memAllocator.cpp, line 136]
Event: 3192.496 Thread 0x00007ff42c0ea770 Exception <a 'java/lang/OutOfMemoryError'{0x00000000e0004750}> (0x00000000e0004750) 
thrown [src/hotspot/share/gc/shared/memAllocator.cpp, line 136]
Event: 3247.908 Thread 0x00007ff4c40b20f0 Exception <a 'java/lang/OutOfMemoryError'{0x00000000e0004750}> (0x00000000e0004750) 
thrown [src/hotspot/share/gc/shared/memAllocator.cpp, line 136]

VM Operations (20 events):
Event: 3221.111 Executing VM operation: ParallelGCFailedAllocation
Event: 3223.837 Executing VM operation: ParallelGCFailedAllocation done
Event: 3223.883 Executing VM operation: ParallelGCFailedAllocation
Event: 3226.484 Executing VM operation: ParallelGCFailedAllocation done
Event: 3226.484 Executing VM operation: ParallelGCFailedAllocation
Event: 3228.726 Executing VM operation: ParallelGCFailedAllocation done
Event: 3228.726 Executing VM operation: ParallelGCFailedAllocation
Event: 3231.348 Executing VM operation: ParallelGCFailedAllocation done
Event: 3231.349 Executing VM operation: ParallelGCFailedAllocation
Event: 3233.837 Executing VM operation: ParallelGCFailedAllocation done
Event: 3233.838 Executing VM operation: ParallelGCFailedAllocation
Event: 3236.451 Executing VM operation: ParallelGCFailedAllocation done
Event: 3236.451 Executing VM operation: ParallelGCFailedAllocation
Event: 3238.710 Executing VM operation: ParallelGCFailedAllocation done
Event: 3238.711 Executing VM operation: ParallelGCFailedAllocation
Event: 3241.020 Executing VM operation: ParallelGCFailedAllocation done
Event: 3241.020 Executing VM operation: ParallelGCFailedAllocation
Event: 3243.324 Executing VM operation: ParallelGCFailedAllocation done
Event: 3243.324 Executing VM operation: ParallelGCFailedAllocation
Event: 3247.908 Executing VM operation: ParallelGCFailedAllocation done

Events (20 events):
Event: 2634.088 loading class java/lang/StackStreamFactory
Event: 2634.090 loading class java/lang/StackStreamFactory done
Event: 2634.090 loading class java/lang/StackWalker$ExtendedOption
Event: 2634.090 loading class java/lang/StackWalker$ExtendedOption done
Event: 2636.512 loading class java/lang/StackStreamFactory$StackFrameTraverser
Event: 2647.787 loading class java/lang/StackStreamFactory$StackFrameTraverser done
Event: 2647.788 loading class java/lang/StackStreamFactory$WalkerState
Event: 2647.788 loading class java/lang/StackStreamFactory$WalkerState done
Event: 2647.788 loading class java/lang/StackStreamFactory$1
Event: 2647.788 loading class java/lang/StackStreamFactory$1 done
Event: 2647.788 loading class java/lang/StackStreamFactory$StackFrameTraverser$StackFrameBuffer
Event: 2647.788 loading class java/lang/StackStreamFactory$FrameBuffer
Event: 2647.788 loading class java/lang/StackStreamFactory$FrameBuffer done
Event: 2647.788 loading class java/lang/StackStreamFactory$StackFrameTraverser$StackFrameBuffer done
Event: 2739.444 Thread 0x00007ff4140054b0 Thread added: 0x00007ff4140054b0
Event: 2739.444 Protecting memory [0x00007ff46e300000,0x00007ff46e304000] with protection modes 0
Event: 2930.517 Thread 0x00007ff4140054b0 Thread exited: 0x00007ff4140054b0
Event: 3192.496 loading class java/lang/invoke/InvokerBytecodeGenerator$BytecodeGenerationException
Event: 3192.496 loading class java/lang/invoke/InvokerBytecodeGenerator$BytecodeGenerationException done
Event: 3203.106 Thread 0x00007ff42c0ea770 Thread exited: 0x00007ff42c0ea770


Dynamic libraries:
e0000000-f5580000 rw-p 00000000 00:00 0 
f5580000-fa300000 rw-p 00000000 00:00 0 
fa300000-100000000 ---p 00000000 00:00 0 
800000000-800449000 rw-p 00001000 00:1286 9223372037562745673            /nix/store/gpxl5qgg8kicmcvivwmybwjlpf7wh20l-graalvm17-ce-22.3.0/lib/server/classes.jsa
800449000-800bc8000 r--p 0044a000 00:1286 9223372037562745673            /nix/store/gpxl5qgg8kicmcvivwmybwjlpf7wh20l-graalvm17-ce-22.3.0/lib/server/classes.jsa
800bc8000-800c00000 ---p 00000000 00:00 0 
800c00000-800c20000 rw-p 00000000 00:00 0 
800c20000-800c40000 rw-p 00000000 00:00 0 
800c40000-800cc0000 rw-p 00000000 00:00 0 
800cc0000-800d00000 rw-p 00000000 00:00 0 
800d00000-800dc0000 rw-p 00000000 00:00 0 
800dc0000-800e00000 rw-p 00000000 00:00 0 
800e00000-800f40000 rw-p 00000000 00:00 0 
800f40000-800fc0000 rw-p 00000000 00:00 0 
800fc0000-801000000 rw-p 00000000 00:00 0 
801000000-8011c0000 rw-p 00000000 00:00 0 
8011c0000-840c00000 ---p 00000000 00:00 0 
55f207505000-55f207506000 r-xp 00000000 00:1286 9223372037526805748      /nix/store/gpxl5qgg8kicmcvivwmybwjlpf7wh20l-graalvm17-ce-22.3.0/bin/.java-wrapped
55f207507000-55f207508000 r--p 00001000 00:1286 9223372037526805748      /nix/store/gpxl5qgg8kicmcvivwmybwjlpf7wh20l-graalvm17-ce-22.3.0/bin/.java-wrapped
55f207508000-55f207509000 rw-p 00002000 00:1286 9223372037526805748      /nix/store/gpxl5qgg8kicmcvivwmybwjlpf7wh20l-graalvm17-ce-22.3.0/bin/.java-wrapped
55f207509000-55f20750a000 rw-p 00004000 00:1286 9223372037526805748      /nix/store/gpxl5qgg8kicmcvivwmybwjlpf7wh20l-graalvm17-ce-22.3.0/bin/.java-wrapped
55f20750a000-55f20750b000 rw-p 00005000 00:1286 9223372037526805748      /nix/store/gpxl5qgg8kicmcvivwmybwjlpf7wh20l-graalvm17-ce-22.3.0/bin/.java-wrapped
55f207ae0000-55f207b28000 rw-p 00000000 00:00 0                          [heap]
7ff3fc000000-7ff3fc021000 rw-p 00000000 00:00 0 
7ff3fc021000-7ff400000000 ---p 00000000 00:00 0 
7ff404000000-7ff404021000 rw-p 00000000 00:00 0 
7ff404021000-7ff408000000 ---p 00000000 00:00 0 
7ff408000000-7ff408075000 rw-p 00000000 00:00 0 
7ff408075000-7ff40c000000 ---p 00000000 00:00 0 
7ff40c000000-7ff40c0aa000 rw-p 00000000 00:00 0 
7ff40c0aa000-7ff410000000 ---p 00000000 00:00 0 
7ff410000000-7ff410021000 rw-p 00000000 00:00 0 
7ff410021000-7ff414000000 ---p 00000000 00:00 0 
7ff414000000-7ff414021000 rw-p 00000000 00:00 0 
7ff414021000-7ff418000000 ---p 00000000 00:00 0 
7ff419300000-7ff419400000 ---p 00000000 00:00 0 
7ff419400000-7ff4199af000 r--p 01122000 00:1286 9223372037562577944      /nix/store/gpxl5qgg8kicmcvivwmybwjlpf7wh20l-graalvm17-ce-22.3.0/lib/libjvmcicompiler.so
7ff4199af000-7ff419b00000 r--p 00000000 00:00 0 
7ff419b00000-7ff419b3d000 rw-p 00000000 00:00 0 
7ff419b3d000-7ff41a05d000 rw-p 0185f000 00:1286 9223372037562577944      /nix/store/gpxl5qgg8kicmcvivwmybwjlpf7wh20l-graalvm17-ce-22.3.0/lib/libjvmcicompiler.so
7ff41a05d000-7ff41a444000 r--p 01d7f000 00:1286 9223372037562577944      /nix/store/gpxl5qgg8kicmcvivwmybwjlpf7wh20l-graalvm17-ce-22.3.0/lib/libjvmcicompiler.so
7ff41a4b3000-7ff424000000 r--s 00000000 00:1286 9223372037562580485      /nix/store/gpxl5qgg8kicmcvivwmybwjlpf7wh20l-graalvm17-ce-22.3.0/lib/modules
7ff424000000-7ff424104000 rw-p 00000000 00:00 0 
7ff424104000-7ff428000000 ---p 00000000 00:00 0 
7ff428000000-7ff428051000 rw-p 00000000 00:00 0 
7ff428051000-7ff42c000000 ---p 00000000 00:00 0 
7ff42c000000-7ff42c266000 rw-p 00000000 00:00 0 
7ff42c266000-7ff430000000 ---p 00000000 00:00 0 
7ff430000000-7ff43006e000 rw-p 00000000 00:00 0 
7ff43006e000-7ff434000000 ---p 00000000 00:00 0 
7ff434000000-7ff434021000 rw-p 00000000 00:00 0 
7ff434021000-7ff438000000 ---p 00000000 00:00 0 
7ff438000000-7ff438021000 rw-p 00000000 00:00 0 
7ff438021000-7ff43c000000 ---p 00000000 00:00 0 
7ff43c000000-7ff43c2fd000 rw-p 00000000 00:00 0 
7ff43c2fd000-7ff440000000 ---p 00000000 00:00 0 
7ff440000000-7ff440086000 rw-p 00000000 00:00 0 
7ff440086000-7ff444000000 ---p 00000000 00:00 0 
7ff444000000-7ff444021000 rw-p 00000000 00:00 0 
7ff444021000-7ff448000000 ---p 00000000 00:00 0 
7ff448000000-7ff44805b000 rw-p 00000000 00:00 0 
7ff44805b000-7ff44c000000 ---p 00000000 00:00 0 
7ff44c000000-7ff44c107000 rw-p 00000000 00:00 0 
7ff44c107000-7ff450000000 ---p 00000000 00:00 0 
7ff450000000-7ff450021000 rw-p 00000000 00:00 0 
7ff450021000-7ff454000000 ---p 00000000 00:00 0 
7ff454c00000-7ff454ef0000 rw-p 00000000 00:00 0 
7ff454ef0000-7ff455400000 ---p 00000000 00:00 0 
7ff455800000-7ff456000000 rw-p 00000000 00:00 0 
7ff456000000-7ff456500000 rw-p 00000000 00:00 0 
7ff456500000-7ff456600000 rw-p 00000000 00:00 0 
7ff456600000-7ff456740000 rw-p 00000000 00:00 0 
7ff456740000-7ff456800000 rw-p 00000000 00:00 0 
7ff456800000-7ff456900000 rw-p 00000000 00:00 0 
7ff456900000-7ff4569c0000 rw-p 00000000 00:00 0 
7ff4569c0000-7ff456b00000 rw-p 00000000 00:00 0 
7ff456b00000-7ff456d00000 rw-p 00000000 00:00 0 
7ff456d00000-7ff456e00000 rw-p 00000000 00:00 0 
7ff456e00000-7ff456f00000 rw-p 00000000 00:00 0 
7ff456f00000-7ff457000000 rw-p 00000000 00:00 0 
7ff457000000-7ff457100000 rw-p 00000000 00:00 0 
7ff457100000-7ff457200000 rw-p 00000000 00:00 0 
7ff457200000-7ff4577e0000 rw-p 00000000 00:00 0 
7ff4577e0000-7ff457800000 rw-p 00000000 00:00 0 
7ff457800000-7ff457900000 rw-p 00000000 00:00 0 
7ff457900000-7ff457a00000 rw-p 00000000 00:00 0 
7ff457a00000-7ff457f00000 rw-p 00000000 00:00 0 
7ff457f00000-7ff458000000 rw-p 00000000 00:00 0 
7ff458000000-7ff4588d2000 rw-p 00000000 00:00 0 
7ff4588d2000-7ff45c000000 ---p 00000000 00:00 0 
7ff45c000000-7ff45c022000 rw-p 00000000 00:00 0 
7ff45c022000-7ff460000000 ---p 00000000 00:00 0 
7ff460000000-7ff460021000 rw-p 00000000 00:00 0 
7ff460021000-7ff464000000 ---p 00000000 00:00 0 
7ff464000000-7ff464021000 rw-p 00000000 00:00 0 
7ff464021000-7ff468000000 ---p 00000000 00:00 0 
7ff468000000-7ff4680b9000 rw-p 00000000 00:00 0 
7ff4680b9000-7ff46c000000 ---p 00000000 00:00 0 
7ff46d000000-7ff46d010000 r-xp 00000000 00:1283 353                      /home/runner/.cache/jdt-language-server/config/org.eclipse.equinox.launcher/org.eclipse.equinox.launcher.gtk.linux.x86_64_1.2.400.v20211117-0650/eclipse_11600.so
7ff46d010000-7ff46d20f000 ---p 00010000 00:1283 353                      /home/runner/.cache/jdt-language-server/config/org.eclipse.equinox.launcher/org.eclipse.equinox.launcher.gtk.linux.x86_64_1.2.400.v20211117-0650/eclipse_11600.so
7ff46d20f000-7ff46d210000 r--p 0000f000 00:1283 353                      /home/runner/.cache/jdt-language-server/config/org.eclipse.equinox.launcher/org.eclipse.equinox.launcher.gtk.linux.x86_64_1.2.400.v20211117-0650/eclipse_11600.so
7ff46d210000-7ff46d211000 rw-p 00010000 00:1283 353                      /home/runner/.cache/jdt-language-server/config/org.eclipse.equinox.launcher/org.eclipse.equinox.launcher.gtk.linux.x86_64_1.2.400.v20211117-0650/eclipse_11600.so
7ff46e100000-7ff46e104000 ---p 00000000 00:00 0 
7ff46e104000-7ff46e200000 rw-p 00000000 00:00 0 
7ff46e300000-7ff46e304000 ---p 00000000 00:00 0 
7ff46e304000-7ff46e400000 rw-p 00000000 00:00 0 
7ff46e500000-7ff46e504000 ---p 00000000 00:00 0 
7ff46e504000-7ff46e600000 rw-p 00000000 00:00 0 
7ff46e700000-7ff46e704000 ---p 00000000 00:00 0 
7ff46e704000-7ff46e800000 rw-p 00000000 00:00 0 
7ff46ea00000-7ff46ea04000 ---p 00000000 00:00 0 
7ff46ea04000-7ff46eb00000 rw-p 00000000 00:00 0 
7ff46eb00000-7ff46eb04000 ---p 00000000 00:00 0 
7ff46eb04000-7ff46ec00000 rw-p 00000000 00:00 0 
7ff46ed00000-7ff46ed04000 ---p 00000000 00:00 0 
7ff46ed04000-7ff46ee00000 rw-p 00000000 00:00 0 
7ff46ef00000-7ff46ef04000 ---p 00000000 00:00 0 
7ff46ef04000-7ff46f000000 rw-p 00000000 00:00 0 
7ff46f100000-7ff46f104000 ---p 00000000 00:00 0 
7ff46f104000-7ff46f200000 rw-p 00000000 00:00 0 
7ff46f300000-7ff46f304000 ---p 00000000 00:00 0 
7ff46f304000-7ff46f400000 rw-p 00000000 00:00 0 
7ff46f500000-7ff46f504000 ---p 00000000 00:00 0 
7ff46f504000-7ff46f600000 rw-p 00000000 00:00 0 
7ff46f700000-7ff46f704000 ---p 00000000 00:00 0 
7ff46f704000-7ff46f800000 rw-p 00000000 00:00 0 
7ff46f800000-7ff46f804000 ---p 00000000 00:00 0 
7ff46f804000-7ff46f900000 rw-p 00000000 00:00 0 
7ff46f900000-7ff46f904000 ---p 00000000 00:00 0 
7ff46f904000-7ff46fa00000 rw-p 00000000 00:00 0 
7ff46fb00000-7ff46fb04000 ---p 00000000 00:00 0 
7ff46fb04000-7ff46fc00000 rw-p 00000000 00:00 0 
7ff46fd00000-7ff46fd04000 ---p 00000000 00:00 0 
7ff46fd04000-7ff46fe00000 rw-p 00000000 00:00 0 
7ff46ff00000-7ff46ff04000 ---p 00000000 00:00 0 
7ff46ff04000-7ff470000000 rw-p 00000000 00:00 0 
7ff470100000-7ff470104000 ---p 00000000 00:00 0 
7ff470104000-7ff470200000 rw-p 00000000 00:00 0 
7ff470300000-7ff470304000 ---p 00000000 00:00 0 
7ff470304000-7ff470400000 rw-p 00000000 00:00 0 
7ff470500000-7ff470504000 ---p 00000000 00:00 0 
7ff470504000-7ff470600000 rw-p 00000000 00:00 0 
7ff470700000-7ff470704000 ---p 00000000 00:00 0 
7ff470704000-7ff470800000 rw-p 00000000 00:00 0 
7ff470900000-7ff470904000 ---p 00000000 00:00 0 
7ff470904000-7ff470a00000 rw-p 00000000 00:00 0 
7ff4717a9000-7ff471b00000 rw-p 00000000 00:00 0 
7ff471c00000-7ff473d6a000 r-xp 00000000 00:1286 9223372037562577944      /nix/store/gpxl5qgg8kicmcvivwmybwjlpf7wh20l-graalvm17-ce-22.3.0/lib/libjvmcicompiler.so
7ff473d6a000-7ff473f69000 ---p 0216a000 00:1286 9223372037562577944      /nix/store/gpxl5qgg8kicmcvivwmybwjlpf7wh20l-graalvm17-ce-22.3.0/lib/libjvmcicompiler.so
7ff473f69000-7ff473f6a000 r--p 02169000 00:1286 9223372037562577944      /nix/store/gpxl5qgg8kicmcvivwmybwjlpf7wh20l-graalvm17-ce-22.3.0/lib/libjvmcicompiler.so
7ff473f6a000-7ff473f6c000 rw-p 0216a000 00:1286 9223372037562577944      /nix/store/gpxl5qgg8kicmcvivwmybwjlpf7wh20l-graalvm17-ce-22.3.0/lib/libjvmcicompiler.so
7ff473f6c000-7ff473f6d000 rw-p 00000000 00:00 0 
7ff473f6d000-7ff473f72000 rw-p 023c3000 00:1286 9223372037562577944      /nix/store/gpxl5qgg8kicmcvivwmybwjlpf7wh20l-graalvm17-ce-22.3.0/lib/libjvmcicompiler.so
7ff474000000-7ff474021000 rw-p 00000000 00:00 0 
7ff474021000-7ff478000000 ---p 00000000 00:00 0 
7ff478000000-7ff478021000 rw-p 00000000 00:00 0 
7ff478021000-7ff47c000000 ---p 00000000 00:00 0 
7ff47c000000-7ff47c049000 rw-p 00000000 00:00 0 
7ff47c049000-7ff480000000 ---p 00000000 00:00 0 
7ff480000000-7ff480021000 rw-p 00000000 00:00 0 
7ff480021000-7ff484000000 ---p 00000000 00:00 0 
7ff484000000-7ff4840e2000 rw-p 00000000 00:00 0 
7ff4840e2000-7ff488000000 ---p 00000000 00:00 0 
7ff488000000-7ff488b83000 rw-p 00000000 00:00 0 
7ff488b83000-7ff48c000000 ---p 00000000 00:00 0 
7ff48c000000-7ff48c021000 rw-p 00000000 00:00 0 
7ff48c021000-7ff490000000 ---p 00000000 00:00 0 
7ff490000000-7ff490021000 rw-p 00000000 00:00 0 
7ff490021000-7ff494000000 ---p 00000000 00:00 0 
7ff494000000-7ff494021000 rw-p 00000000 00:00 0 
7ff494021000-7ff498000000 ---p 00000000 00:00 0 
7ff498000000-7ff498021000 rw-p 00000000 00:00 0 
7ff498021000-7ff49c000000 ---p 00000000 00:00 0 
7ff49c000000-7ff49c021000 rw-p 00000000 00:00 0 
7ff49c021000-7ff4a0000000 ---p 00000000 00:00 0 
7ff4a0000000-7ff4a0021000 rw-p 00000000 00:00 0 
7ff4a0021000-7ff4a4000000 ---p 00000000 00:00 0 
7ff4a4000000-7ff4a41ef000 rw-p 00000000 00:00 0 
7ff4a41ef000-7ff4a8000000 ---p 00000000 00:00 0 
7ff4a8000000-7ff4a8004000 ---p 00000000 00:00 0 
7ff4a8004000-7ff4a8100000 rw-p 00000000 00:00 0 
7ff4a819d000-7ff4a82de000 rw-p 00000000 00:00 0 
7ff4a82de000-7ff4a82e2000 ---p 00000000 00:00 0 
7ff4a82e2000-7ff4a8300000 rw-p 00000000 00:00 0 
7ff4a840a000-7ff4a8411000 r-xp 00000000 00:1286 9223372037562580484      /nix/store/gpxl5qgg8kicmcvivwmybwjlpf7wh20l-graalvm17-ce-22.3.0/lib/libzip.so
7ff4a8411000-7ff4a8412000 ---p 00007000 00:1286 9223372037562580484      /nix/store/gpxl5qgg8kicmcvivwmybwjlpf7wh20l-graalvm17-ce-22.3.0/lib/libzip.so
7ff4a8412000-7ff4a8413000 r--p 00007000 00:1286 9223372037562580484      /nix/store/gpxl5qgg8kicmcvivwmybwjlpf7wh20l-graalvm17-ce-22.3.0/lib/libzip.so
7ff4a8413000-7ff4a8414000 rw-p 00008000 00:1286 9223372037562580484      /nix/store/gpxl5qgg8kicmcvivwmybwjlpf7wh20l-graalvm17-ce-22.3.0/lib/libzip.so
7ff4a8414000-7ff4a8416000 rw-p 0000b000 00:1286 9223372037562580484      /nix/store/gpxl5qgg8kicmcvivwmybwjlpf7wh20l-graalvm17-ce-22.3.0/lib/libzip.so
7ff4a8416000-7ff4a8417000 ---p 00000000 00:00 0 
7ff4a8417000-7ff4a8518000 rw-p 00000000 00:00 0 
7ff4a8518000-7ff4a851c000 ---p 00000000 00:00 0 
7ff4a851c000-7ff4a8618000 rw-p 00000000 00:00 0 
7ff4a8618000-7ff4a861c000 ---p 00000000 00:00 0 
7ff4a861c000-7ff4a8718000 rw-p 00000000 00:00 0 
7ff4a8718000-7ff4a871c000 ---p 00000000 00:00 0 
7ff4a871c000-7ff4a8818000 rw-p 00000000 00:00 0 
7ff4a8818000-7ff4a881c000 ---p 00000000 00:00 0 
7ff4a881c000-7ff4a8a18000 rw-p 00000000 00:00 0 
7ff4a8a18000-7ff4a8a1c000 ---p 00000000 00:00 0 
7ff4a8a1c000-7ff4a8c18000 rw-p 00000000 00:00 0 
7ff4a8c18000-7ff4a8c1c000 ---p 00000000 00:00 0 
7ff4a8c1c000-7ff4a8d18000 rw-p 00000000 00:00 0 
7ff4a8d18000-7ff4a8d1c000 ---p 00000000 00:00 0 
7ff4a8d1c000-7ff4a8e18000 rw-p 00000000 00:00 0 
7ff4a8e18000-7ff4a8e1c000 ---p 00000000 00:00 0 
7ff4a8e1c000-7ff4a8f18000 rw-p 00000000 00:00 0 
7ff4a8f18000-7ff4a91fe000 r--p 00000000 00:7d3 28444448                  /usr/lib/locale/locale-archive
7ff4a91fe000-7ff4a9202000 ---p 00000000 00:00 0 
7ff4a9202000-7ff4a92fe000 rw-p 00000000 00:00 0 
7ff4a92fe000-7ff4a92ff000 ---p 00000000 00:00 0 
7ff4a92ff000-7ff4a9800000 rw-p 00000000 00:00 0 
7ff4a9800000-7ff4a9b00000 rw-p 00000000 00:00 0 
7ff4a9b00000-7ff4a9c00000 rw-p 00000000 00:00 0 
7ff4a9c01000-7ff4a9c05000 ---p 00000000 00:00 0 
7ff4a9c05000-7ff4a9d01000 rw-p 00000000 00:00 0 
7ff4a9d01000-7ff4a9dcf000 r-xp 00000000 00:1286 9223372037562577940      /nix/store/gpxl5qgg8kicmcvivwmybwjlpf7wh20l-graalvm17-ce-22.3.0/lib/libjsvml.so
7ff4a9dcf000-7ff4a9dd0000 r--p 000cd000 00:1286 9223372037562577940      /nix/store/gpxl5qgg8kicmcvivwmybwjlpf7wh20l-graalvm17-ce-22.3.0/lib/libjsvml.so
7ff4a9dd0000-7ff4a9dd1000 rw-p 000ce000 00:1286 9223372037562577940      /nix/store/gpxl5qgg8kicmcvivwmybwjlpf7wh20l-graalvm17-ce-22.3.0/lib/libjsvml.so
7ff4a9dd1000-7ff4ab4b3000 rw-p 00000000 00:00 0 
7ff4ab4b3000-7ff4ab723000 rwxp 00000000 00:00 0 
7ff4ab723000-7ff4aba42000 ---p 00000000 00:00 0 
7ff4aba42000-7ff4ac972000 rwxp 00000000 00:00 0 
7ff4ac972000-7ff4b2f7a000 ---p 00000000 00:00 0 
7ff4b2f7a000-7ff4b320a000 rwxp 00000000 00:00 0 
7ff4b320a000-7ff4ba4b3000 ---p 00000000 00:00 0 
7ff4ba4b3000-7ff4c4000000 r--s 00000000 00:1286 9223372037562580485      /nix/store/gpxl5qgg8kicmcvivwmybwjlpf7wh20l-graalvm17-ce-22.3.0/lib/modules
7ff4c4000000-7ff4c464a000 rw-p 00000000 00:00 0 
7ff4c464a000-7ff4c8000000 ---p 00000000 00:00 0 
7ff4c8002000-7ff4c8004000 r-xp 00000000 00:1286 9223372037562577921      /nix/store/gpxl5qgg8kicmcvivwmybwjlpf7wh20l-graalvm17-ce-22.3.0/lib/libextnet.so
7ff4c8004000-7ff4c8005000 r--p 00001000 00:1286 9223372037562577921      /nix/store/gpxl5qgg8kicmcvivwmybwjlpf7wh20l-graalvm17-ce-22.3.0/lib/libextnet.so
7ff4c8005000-7ff4c8006000 rw-p 00002000 00:1286 9223372037562577921      /nix/store/gpxl5qgg8kicmcvivwmybwjlpf7wh20l-graalvm17-ce-22.3.0/lib/libextnet.so
7ff4c8006000-7ff4c8007000 rw-p 00004000 00:1286 9223372037562577921      /nix/store/gpxl5qgg8kicmcvivwmybwjlpf7wh20l-graalvm17-ce-22.3.0/lib/libextnet.so
7ff4c8007000-7ff4c801c000 r-xp 00000000 00:1286 9223372037562580474      /nix/store/gpxl5qgg8kicmcvivwmybwjlpf7wh20l-graalvm17-ce-22.3.0/lib/libnet.so
7ff4c801c000-7ff4c801d000 ---p 00015000 00:1286 9223372037562580474      /nix/store/gpxl5qgg8kicmcvivwmybwjlpf7wh20l-graalvm17-ce-22.3.0/lib/libnet.so
7ff4c801d000-7ff4c801e000 r--p 00015000 00:1286 9223372037562580474      /nix/store/gpxl5qgg8kicmcvivwmybwjlpf7wh20l-graalvm17-ce-22.3.0/lib/libnet.so
7ff4c801e000-7ff4c801f000 rw-p 00016000 00:1286 9223372037562580474      /nix/store/gpxl5qgg8kicmcvivwmybwjlpf7wh20l-graalvm17-ce-22.3.0/lib/libnet.so
7ff4c801f000-7ff4c8022000 rw-p 0001b000 00:1286 9223372037562580474      /nix/store/gpxl5qgg8kicmcvivwmybwjlpf7wh20l-graalvm17-ce-22.3.0/lib/libnet.so
7ff4c8022000-7ff4c8035000 r-xp 00000000 00:1286 9223372037562580475      /nix/store/gpxl5qgg8kicmcvivwmybwjlpf7wh20l-graalvm17-ce-22.3.0/lib/libnio.so
7ff4c8035000-7ff4c8036000 r--p 00012000 00:1286 9223372037562580475      /nix/store/gpxl5qgg8kicmcvivwmybwjlpf7wh20l-graalvm17-ce-22.3.0/lib/libnio.so
7ff4c8036000-7ff4c8037000 rw-p 00013000 00:1286 9223372037562580475      /nix/store/gpxl5qgg8kicmcvivwmybwjlpf7wh20l-graalvm17-ce-22.3.0/lib/libnio.so
7ff4c8037000-7ff4c803c000 rw-p 00019000 00:1286 9223372037562580475      /nix/store/gpxl5qgg8kicmcvivwmybwjlpf7wh20l-graalvm17-ce-22.3.0/lib/libnio.so
7ff4c803c000-7ff4c8232000 rw-p 00000000 00:00 0 
7ff4c8232000-7ff4c8233000 ---p 00000000 00:00 0 
7ff4c8233000-7ff4c83de000 rw-p 00000000 00:00 0 
7ff4c83de000-7ff4c8406000 rw-p 00000000 00:00 0 
7ff4c8406000-7ff4c8434000 ---p 00000000 00:00 0 
7ff4c8434000-7ff4c843b000 rw-p 00000000 00:00 0 
7ff4c843b000-7ff4c8520000 ---p 00000000 00:00 0 
7ff4c8520000-7ff4c853f000 rw-p 00000000 00:00 0 
7ff4c853f000-7ff4c860b000 ---p 00000000 00:00 0 
7ff4c860b000-7ff4c8610000 rw-p 00000000 00:00 0 
7ff4c8610000-7ff4c8617000 ---p 00000000 00:00 0 
7ff4c8617000-7ff4c863b000 r-xp 00000000 00:1286 9223372037562577932      /nix/store/gpxl5qgg8kicmcvivwmybwjlpf7wh20l-graalvm17-ce-22.3.0/lib/libjava.so
7ff4c863b000-7ff4c863c000 ---p 00024000 00:1286 9223372037562577932      /nix/store/gpxl5qgg8kicmcvivwmybwjlpf7wh20l-graalvm17-ce-22.3.0/lib/libjava.so
7ff4c863c000-7ff4c863d000 r--p 00024000 00:1286 9223372037562577932      /nix/store/gpxl5qgg8kicmcvivwmybwjlpf7wh20l-graalvm17-ce-22.3.0/lib/libjava.so
7ff4c863d000-7ff4c863e000 rw-p 00025000 00:1286 9223372037562577932      /nix/store/gpxl5qgg8kicmcvivwmybwjlpf7wh20l-graalvm17-ce-22.3.0/lib/libjava.so
7ff4c863e000-7ff4c863f000 rw-p 00000000 00:00 0 
7ff4c863f000-7ff4c8646000 rw-p 0002f000 00:1286 9223372037562577932      /nix/store/gpxl5qgg8kicmcvivwmybwjlpf7wh20l-graalvm17-ce-22.3.0/lib/libjava.so
7ff4c8646000-7ff4c864e000 rw-s 00000000 00:348 350                       /tmp/hsperfdata_runner/20
7ff4c864e000-7ff4c864f000 ---p 00000000 00:00 0 
7ff4c864f000-7ff4c8650000 r--p 00000000 00:00 0 
7ff4c8650000-7ff4c8651000 rwxp 00000000 00:00 0 
7ff4c8651000-7ff4c866c000 r-xp 00000000 00:1286 9223372037562577936      /nix/store/gpxl5qgg8kicmcvivwmybwjlpf7wh20l-graalvm17-ce-22.3.0/lib/libjimage.so
7ff4c866c000-7ff4c866d000 ---p 0001b000 00:1286 9223372037562577936      /nix/store/gpxl5qgg8kicmcvivwmybwjlpf7wh20l-graalvm17-ce-22.3.0/lib/libjimage.so
7ff4c866d000-7ff4c866f000 r--p 0001b000 00:1286 9223372037562577936      /nix/store/gpxl5qgg8kicmcvivwmybwjlpf7wh20l-graalvm17-ce-22.3.0/lib/libjimage.so
7ff4c866f000-7ff4c8670000 rw-p 0001d000 00:1286 9223372037562577936      /nix/store/gpxl5qgg8kicmcvivwmybwjlpf7wh20l-graalvm17-ce-22.3.0/lib/libjimage.so
7ff4c8670000-7ff4c8671000 rw-p 00024000 00:1286 9223372037562577936      /nix/store/gpxl5qgg8kicmcvivwmybwjlpf7wh20l-graalvm17-ce-22.3.0/lib/libjimage.so
7ff4c8671000-7ff4c8675000 ---p 00000000 00:00 0 
7ff4c8675000-7ff4c8771000 rw-p 00000000 00:00 0 
7ff4c8771000-7ff4c877f000 r--p 00000000 00:1286 9223372037455367831      /nix/store/4nlgxhb09sdr51nc9hdm8az5b08vzkgx-glibc-2.35-163/lib/libm.so.6
7ff4c877f000-7ff4c87f2000 r-xp 0000e000 00:1286 9223372037455367831      /nix/store/4nlgxhb09sdr51nc9hdm8az5b08vzkgx-glibc-2.35-163/lib/libm.so.6
7ff4c87f2000-7ff4c884f000 r--p 00081000 00:1286 9223372037455367831      /nix/store/4nlgxhb09sdr51nc9hdm8az5b08vzkgx-glibc-2.35-163/lib/libm.so.6
7ff4c884f000-7ff4c8850000 r--p 000dd000 00:1286 9223372037455367831      /nix/store/4nlgxhb09sdr51nc9hdm8az5b08vzkgx-glibc-2.35-163/lib/libm.so.6
7ff4c8850000-7ff4c8851000 rw-p 000de000 00:1286 9223372037455367831      /nix/store/4nlgxhb09sdr51nc9hdm8az5b08vzkgx-glibc-2.35-163/lib/libm.so.6
7ff4c8851000-7ff4c8852000 r--p 00000000 00:1286 9223372037455367850      /nix/store/4nlgxhb09sdr51nc9hdm8az5b08vzkgx-glibc-2.35-163/lib/librt.so.1
7ff4c8852000-7ff4c8853000 r-xp 00001000 00:1286 9223372037455367850      /nix/store/4nlgxhb09sdr51nc9hdm8az5b08vzkgx-glibc-2.35-163/lib/librt.so.1
7ff4c8853000-7ff4c8854000 r--p 00002000 00:1286 9223372037455367850      /nix/store/4nlgxhb09sdr51nc9hdm8az5b08vzkgx-glibc-2.35-163/lib/librt.so.1
7ff4c8854000-7ff4c8855000 r--p 00002000 00:1286 9223372037455367850      /nix/store/4nlgxhb09sdr51nc9hdm8az5b08vzkgx-glibc-2.35-163/lib/librt.so.1
7ff4c8855000-7ff4c8856000 rw-p 00003000 00:1286 9223372037455367850      /nix/store/4nlgxhb09sdr51nc9hdm8az5b08vzkgx-glibc-2.35-163/lib/librt.so.1
7ff4c8856000-7ff4c9969000 r-xp 00000000 00:1286 9223372037562748770      /nix/store/gpxl5qgg8kicmcvivwmybwjlpf7wh20l-graalvm17-ce-22.3.0/lib/server/libjvm.so
7ff4c9969000-7ff4c996a000 ---p 01113000 00:1286 9223372037562748770      /nix/store/gpxl5qgg8kicmcvivwmybwjlpf7wh20l-graalvm17-ce-22.3.0/lib/server/libjvm.so
7ff4c996a000-7ff4c9a1f000 r--p 01113000 00:1286 9223372037562748770      /nix/store/gpxl5qgg8kicmcvivwmybwjlpf7wh20l-graalvm17-ce-22.3.0/lib/server/libjvm.so
7ff4c9a1f000-7ff4c9a53000 rw-p 011c8000 00:1286 9223372037562748770      /nix/store/gpxl5qgg8kicmcvivwmybwjlpf7wh20l-graalvm17-ce-22.3.0/lib/server/libjvm.so
7ff4c9a53000-7ff4c9aaf000 rw-p 00000000 00:00 0 
7ff4c9aaf000-7ff4c9ad7000 r--p 00000000 00:1286 9223372037455367822      /nix/store/4nlgxhb09sdr51nc9hdm8az5b08vzkgx-glibc-2.35-163/lib/libc.so.6
7ff4c9ad7000-7ff4c9c4d000 r-xp 00028000 00:1286 9223372037455367822      /nix/store/4nlgxhb09sdr51nc9hdm8az5b08vzkgx-glibc-2.35-163/lib/libc.so.6
7ff4c9c4d000-7ff4c9ca5000 r--p 0019e000 00:1286 9223372037455367822      /nix/store/4nlgxhb09sdr51nc9hdm8az5b08vzkgx-glibc-2.35-163/lib/libc.so.6
7ff4c9ca5000-7ff4c9ca9000 r--p 001f6000 00:1286 9223372037455367822      /nix/store/4nlgxhb09sdr51nc9hdm8az5b08vzkgx-glibc-2.35-163/lib/libc.so.6
7ff4c9ca9000-7ff4c9cab000 rw-p 001fa000 00:1286 9223372037455367822      /nix/store/4nlgxhb09sdr51nc9hdm8az5b08vzkgx-glibc-2.35-163/lib/libc.so.6
7ff4c9cab000-7ff4c9cba000 rw-p 00000000 00:00 0 
7ff4c9cba000-7ff4c9cbb000 r--p 00000000 00:1286 9223372037455367827      /nix/store/4nlgxhb09sdr51nc9hdm8az5b08vzkgx-glibc-2.35-163/lib/libdl.so.2
7ff4c9cbb000-7ff4c9cbc000 r-xp 00001000 00:1286 9223372037455367827      /nix/store/4nlgxhb09sdr51nc9hdm8az5b08vzkgx-glibc-2.35-163/lib/libdl.so.2
7ff4c9cbc000-7ff4c9cbd000 r--p 00002000 00:1286 9223372037455367827      /nix/store/4nlgxhb09sdr51nc9hdm8az5b08vzkgx-glibc-2.35-163/lib/libdl.so.2
7ff4c9cbd000-7ff4c9cbe000 r--p 00002000 00:1286 9223372037455367827      /nix/store/4nlgxhb09sdr51nc9hdm8az5b08vzkgx-glibc-2.35-163/lib/libdl.so.2
7ff4c9cbe000-7ff4c9cbf000 rw-p 00003000 00:1286 9223372037455367827      /nix/store/4nlgxhb09sdr51nc9hdm8az5b08vzkgx-glibc-2.35-163/lib/libdl.so.2
7ff4c9cbf000-7ff4c9cc0000 r--p 00000000 00:1286 9223372037455367846      /nix/store/4nlgxhb09sdr51nc9hdm8az5b08vzkgx-glibc-2.35-163/lib/libpthread.so.0
7ff4c9cc0000-7ff4c9cc1000 r-xp 00001000 00:1286 9223372037455367846      /nix/store/4nlgxhb09sdr51nc9hdm8az5b08vzkgx-glibc-2.35-163/lib/libpthread.so.0
7ff4c9cc1000-7ff4c9cc2000 r--p 00002000 00:1286 9223372037455367846      /nix/store/4nlgxhb09sdr51nc9hdm8az5b08vzkgx-glibc-2.35-163/lib/libpthread.so.0
7ff4c9cc2000-7ff4c9cc3000 r--p 00002000 00:1286 9223372037455367846      /nix/store/4nlgxhb09sdr51nc9hdm8az5b08vzkgx-glibc-2.35-163/lib/libpthread.so.0
7ff4c9cc3000-7ff4c9cc4000 rw-p 00003000 00:1286 9223372037455367846      /nix/store/4nlgxhb09sdr51nc9hdm8az5b08vzkgx-glibc-2.35-163/lib/libpthread.so.0
7ff4c9cc4000-7ff4c9cd2000 r-xp 00000000 00:1286 9223372037562577937      /nix/store/gpxl5qgg8kicmcvivwmybwjlpf7wh20l-graalvm17-ce-22.3.0/lib/libjli.so
7ff4c9cd2000-7ff4c9cd3000 ---p 0000e000 00:1286 9223372037562577937      /nix/store/gpxl5qgg8kicmcvivwmybwjlpf7wh20l-graalvm17-ce-22.3.0/lib/libjli.so
7ff4c9cd3000-7ff4c9cd4000 r--p 0000e000 00:1286 9223372037562577937      /nix/store/gpxl5qgg8kicmcvivwmybwjlpf7wh20l-graalvm17-ce-22.3.0/lib/libjli.so
7ff4c9cd4000-7ff4c9cd5000 rw-p 0000f000 00:1286 9223372037562577937      /nix/store/gpxl5qgg8kicmcvivwmybwjlpf7wh20l-graalvm17-ce-22.3.0/lib/libjli.so
7ff4c9cd5000-7ff4c9cd6000 rw-p 00012000 00:1286 9223372037562577937      /nix/store/gpxl5qgg8kicmcvivwmybwjlpf7wh20l-graalvm17-ce-22.3.0/lib/libjli.so
7ff4c9cd6000-7ff4c9cd9000 r--p 00000000 00:1286 9223372037533597975      /nix/store/026hln0aq1hyshaxsdvhg0kmcm6yf45r-zlib-1.2.13/lib/libz.so.1.2.13
7ff4c9cd9000-7ff4c9ceb000 r-xp 00003000 00:1286 9223372037533597975      /nix/store/026hln0aq1hyshaxsdvhg0kmcm6yf45r-zlib-1.2.13/lib/libz.so.1.2.13
7ff4c9ceb000-7ff4c9cf2000 r--p 00015000 00:1286 9223372037533597975      /nix/store/026hln0aq1hyshaxsdvhg0kmcm6yf45r-zlib-1.2.13/lib/libz.so.1.2.13
7ff4c9cf2000-7ff4c9cf3000 r--p 0001b000 00:1286 9223372037533597975      /nix/store/026hln0aq1hyshaxsdvhg0kmcm6yf45r-zlib-1.2.13/lib/libz.so.1.2.13
7ff4c9cf3000-7ff4c9cf4000 rw-p 0001c000 00:1286 9223372037533597975      /nix/store/026hln0aq1hyshaxsdvhg0kmcm6yf45r-zlib-1.2.13/lib/libz.so.1.2.13
7ff4c9cf4000-7ff4c9cf6000 rw-p 00000000 00:00 0 
7ff4c9cf6000-7ff4c9cf8000 r--p 00000000 00:1286 9223372037455367816      /nix/store/4nlgxhb09sdr51nc9hdm8az5b08vzkgx-glibc-2.35-163/lib/ld-linux-x86-64.so.2
7ff4c9cf8000-7ff4c9d1f000 r-xp 00002000 00:1286 9223372037455367816      /nix/store/4nlgxhb09sdr51nc9hdm8az5b08vzkgx-glibc-2.35-163/lib/ld-linux-x86-64.so.2
7ff4c9d1f000-7ff4c9d2b000 r--p 00029000 00:1286 9223372037455367816      /nix/store/4nlgxhb09sdr51nc9hdm8az5b08vzkgx-glibc-2.35-163/lib/ld-linux-x86-64.so.2
7ff4c9d2b000-7ff4c9d2d000 r--p 00034000 00:1286 9223372037455367816      /nix/store/4nlgxhb09sdr51nc9hdm8az5b08vzkgx-glibc-2.35-163/lib/ld-linux-x86-64.so.2
7ff4c9d2d000-7ff4c9d2f000 rw-p 00036000 00:1286 9223372037455367816      /nix/store/4nlgxhb09sdr51nc9hdm8az5b08vzkgx-glibc-2.35-163/lib/ld-linux-x86-64.so.2
7fff8ed43000-7fff8ed67000 rw-p 00000000 00:00 0                          [stack]
7fff8ed76000-7fff8ed7a000 r--p 00000000 00:00 0                          [vvar]
7fff8ed7a000-7fff8ed7c000 r-xp 00000000 00:00 0                          [vdso]
ffffffffff600000-ffffffffff601000 --xp 00000000 00:00 0                  [vsyscall]


VM Arguments:
jvm_args: -XX:ThreadPriorityPolicy=1 -XX:+UnlockExperimentalVMOptions -XX:+EnableJVMCIProduct -XX:JVMCIThreadsPerNativeLibraryRuntime=1 -XX:-UnlockExperimentalVMOptions -Declipse.application=org.eclipse.jdt.ls.core.id1 -Dosgi.bundles.defaultStartLevel=4 -Declipse.product=org.eclipse.jdt.ls.core.product -Dlog.level=ALL -Xverify:none -XX:+UseParallelGC -XX:GCTimeRatio=4 -XX:AdaptiveSizePolicyWeight=90 -Dsun.zip.disableMemoryMapping=true -Xmx512m -Xms100m 
java_command: /nix/store/m6gcpi1ii6rghy04cjwjddcavv7i90df-jdt-language-server-1.9.0/share/java/plugins/org.eclipse.equinox.launcher_1.6.400.v20210924-0641.jar --add-modules=ALL-SYSTEM --add-opens java.base/java.util=ALL-UNNAMED --add-opens java.base/java.lang=ALL-UNNAMED -configuration /home/runner/.cache/jdt-language-server/config -data /home/runner/.cache/jdt-language-server/data/home/runner/hangman-v3
java_class_path (initial): /nix/store/m6gcpi1ii6rghy04cjwjddcavv7i90df-jdt-language-server-1.9.0/share/java/plugins/org.eclipse.equinox.launcher_1.6.400.v20210924-0641.jar
Launcher Type: SUN_STANDARD

[Global flags]
    uintx AdaptiveSizePolicyWeight                 = 90                                        {product} {command line}
     intx CICompilerCount                          = 2                                         {product} {ergonomic}
     bool EnableJVMCIProduct                       = true                                {JVMCI product} {jimage}
    uintx GCTimeRatio                              = 4                                         {product} {command line}
   size_t InitialHeapSize                          = 104857600                                 {product} {command line}
     uint JVMCIThreadsPerNativeLibraryRuntime      = 1                                   {JVMCI product} {jimage}
   size_t MaxHeapSize                              = 536870912                                 {product} {command line}
   size_t MaxNewSize                               = 178782208                                 {product} {ergonomic}
   size_t MinHeapDeltaBytes                        = 524288                                    {product} {ergonomic}
   size_t MinHeapSize                              = 104857600                                 {product} {command line}
   size_t NewSize                                  = 34603008                                  {product} {ergonomic}
    uintx NonNMethodCodeHeapSize                   = 5826188                                {pd product} {ergonomic}
    uintx NonProfiledCodeHeapSize                  = 122916026                              {pd product} {ergonomic}
   size_t OldSize                                  = 70254592                                  {product} {ergonomic}
    uintx ProfiledCodeHeapSize                     = 122916026                              {pd product} {ergonomic}
    uintx ReservedCodeCacheSize                    = 251658240                              {pd product} {ergonomic}
     bool SegmentedCodeCache                       = true                                      {product} {ergonomic}
   size_t SoftMaxHeapSize                          = 536870912                              {manageable} {ergonomic}
     intx ThreadPriorityPolicy                     = 1                                         {product} {jimage}
     bool UseCompressedClassPointers               = true                           {product lp64_product} {ergonomic}
     bool UseCompressedOops                        = true                           {product lp64_product} {ergonomic}
     bool UseParallelGC                            = true                                      {product} {command line}

Logging:
Log output configuration:
 #0: stdout all=warning uptime,level,tags
 #1: stderr all=off uptime,level,tags

Environment Variables:
JAVA_HOME=/nix/store/gpxl5qgg8kicmcvivwmybwjlpf7wh20l-graalvm17-ce-22.3.0
PATH=/nix/store/1d6ian3r8kdzspw8hacjhl3xkp40g1lj-binutils-wrapper-2.39/bin:/nix/store/dq0xwmsk1g0i2ayg6pb7y87na2knzylh-gcc-wrapper-11.3.0/bin:/nix/store/bap4d0lpcrhpwmpb8ayjcgkmvfj62lnq-bash-interactive-5.1-p16/bin:/nix/store/pr5n59mb4jzmfx6kanwxly0l07p861fg-patchelf-0.15.0/bin:/nix/store/1gf2flfqnpqbr1b4p4qz2f72y42bs56r-gcc-11.3.0/bin:/nix/store/57xv61c5zi8pphjbcwxxjlgc34p61ic9-glibc-2.35-163-bin/bin:/nix/store/a7gvj343m05j2s32xcnwr35v31ynlypr-coreutils-9.1/bin:/nix/store/039g378vc3pc3dvi9dzdlrd0i4q93qwf-binutils-2.39/bin:/nix/store/gpxl5qgg8kicmcvivwmybwjlpf7wh20l-graalvm17-ce-22.3.0/bin:/nix/store/6z9ag3ihc8mq2hzsw48lhbznvzny65nz-apache-maven-3.8.6/bin:/nix/store/m6gcpi1ii6rghy04cjwjddcavv7i90df-jdt-language-server-1.9.0/bin:/nix/store/84xs5alhs01zrbr4ywm05kxbjbp5590l-java-debug/bin:/nix/store/mydc6f4k2z73xlcz7ilif3v2lcaiqvza-findutils-4.9.0/bin:/nix/store/j9p3g8472iijd50vhdprx0nmk2fqn5gv-diffutils-3.8/bin:/nix/store/89zs7rms6x00xfq4dq6m7mjnhkr8a6r4-gnused-4.8/bin:/nix/store/86bp03jkmsl6f92w0yzg4s59g5mhxwmy-gnugrep-3.7/bin:/nix/store/hwcdqw4jrjnd37wxqgsd47hd0j8bnj09-gawk-5.1.1/bin:/nix/store/cfbhw8r8ags41vwqaz47r583d0p4h4a1-gnutar-1.34/bin:/nix/store/p3m1ndl1lapwrlh698bnb5lvvxh67378-gzip-1.12/bin:/nix/store/a8mhcagrsly7c7mpjrpsnaahk4aax056-bzip2-1.0.8-bin/bin:/nix/store/mblgz65m3zv9x548a3d5m96fj2pbwr09-gnumake-4.3/bin:/nix/store/dsd5gz46hdbdk2rfdimqddhq6m8m8fqs-bash-5.1-p16/bin:/nix/store/v7ljksji50mg3w61dykaa3n3y79n6nil-patch-2.7.6/bin:/nix/store/zlcnmqq14jz5x9439jf937mvayyl63da-xz-5.2.7-bin/bin:/nix/store/y6aj732zm9m87c82fpvf103a1xb22blp-file-5.43/bin:/nix/store/sgqd0ajghcv2axfl1lad0b1alyavp0dc-prybar-elisp-0.0.0-67f7a00/bin:/nix/store/p3hsvljpgs68jqwar41lc0jqhjj734lf-prybar-lua-0.0.0-67f7a00/bin:/nix/store/qzxs2gybds3s9kb1vkaflpgm2nwr85fh-prybar-python3-0.0.0-67f7a00/bin:/nix/store/km94z9mxp8w4m8gxxp5mbfpdf3nkfvd8-prybar-sqlite-0.0.0-67f7a00/bin:/nix/store/2pnc7b76asw0z59c4l6h6qy8arwqrii1-prybar-tcl-0.0.0-67f7a00/bin:/nix/store/hpbvrlwd5viqmvcaisb3x0118i913a9n-st
LD_LIBRARY_PATH=/nix/store/a4pff549sk2idnkpzk5nsfps3mdkdnvm-cups-2.4.2-lib/lib:/nix/store/72mqxxhh3cy5yifh92wh2yb8cl2hikyy-cairo-1.16.0/lib:/nix/store/2k366jrbsra97gjfxwvrhvixjfxdach5-glib-2.74.1/lib:/nix/store/2j2znigd8ak37rlwh9khz0ry3clqlw1l-gtk+3-3.24.34/lib:/nix/store/hisqvx32cd57apbpcsnkpx6k3549wql1-libglvnd-1.4.0/lib:/nix/store/p36pgcv991mq5srvg765b78yqpxvk3qs-mesa-21.3.3-drivers/lib:/nix/store/mav4251if1ahjq5vkpwycyyvnmy459c4-pulseaudio-14.2/lib
DISPLAY=:0
LANG=en_US.UTF-8

Signal Handlers:
   SIGSEGV: crash_handler in libjvm.so, mask=11100100010111111101111111111110, flags=SA_RESTART|SA_SIGINFO
    SIGBUS: crash_handler in libjvm.so, mask=11100100010111111101111111111110, flags=SA_RESTART|SA_SIGINFO
    SIGFPE: crash_handler in libjvm.so, mask=11100100010111111101111111111110, flags=SA_RESTART|SA_SIGINFO
   SIGPIPE: IsolateEnterStub_IgnoreSIGPIPEStartupHook_noopSignalHandler_8f19bff2f35b5f630d83b364d6b2339320d4ec70_216e8361c6bc87a8f89f58cc10d3b2fd4415bf87 in libjvmcicompiler.so, mask=00000000000000000000000000000000, flags=SA_RESTART
  *** Handler was modified!
  *** Expected: javaSignalHandler in libjvm.so, mask=11100100110111111111111111111110, flags=SA_RESTART|SA_SIGINFO
   SIGXFSZ: javaSignalHandler in libjvm.so, mask=11100100010111111101111111111110, flags=SA_RESTART|SA_SIGINFO
    SIGILL: crash_handler in libjvm.so, mask=11100100010111111101111111111110, flags=SA_RESTART|SA_SIGINFO
   SIGUSR2: SR_handler in libjvm.so, mask=00000000000000000000000000000000, flags=SA_RESTART|SA_SIGINFO
    SIGHUP: UserHandler in libjvm.so, mask=11100100010111111101111111111110, flags=SA_RESTART|SA_SIGINFO
    SIGINT: UserHandler in libjvm.so, mask=11100100010111111101111111111110, flags=SA_RESTART|SA_SIGINFO
   SIGTERM: UserHandler in libjvm.so, mask=11100100010111111101111111111110, flags=SA_RESTART|SA_SIGINFO
   SIGQUIT: UserHandler in libjvm.so, mask=11100100010111111101111111111110, flags=SA_RESTART|SA_SIGINFO
  *** Handler was modified!
  *** Expected: javaSignalHandler in libjvm.so, mask=11100100110111111111111111111110, flags=SA_RESTART|SA_SIGINFO
   SIGTRAP: crash_handler in libjvm.so, mask=11100100010111111101111111111110, flags=SA_RESTART|SA_SIGINFO


---------------  S Y S T E M  ---------------

OS:
DISTRIB_ID=Ubuntu
DISTRIB_RELEASE=20.04
DISTRIB_CODENAME=focal
DISTRIB_DESCRIPTION="Ubuntu 20.04.2 LTS"
uname: Linux 5.15.0-1027-gcp #34~20.04.1-Ubuntu SMP Mon Jan 9 18:40:09 UTC 2023 x86_64
OS uptime: 0 days 14:48 hours
libc: glibc 2.35 NPTL 2.35 
rlimit (soft/hard): STACK 8192k/infinity , CORE infinity/infinity , NPROC infinity/infinity , NOFILE 5242/5242 , AS infinity/infinity , CPU infinity/infinity , DATA infinity/infinity , FSIZE infinity/infinity , MEMLOCK 64k/64k
load average: 19.87 23.01 23.47

/proc/meminfo:
MemTotal:       107138476 kB
MemFree:        64800296 kB
MemAvailable:   87094720 kB
Buffers:         3258568 kB
Cached:         17747940 kB
SwapCached:            0 kB
Active:         10955356 kB
Inactive:       25750584 kB
Active(anon):      12816 kB
Inactive(anon): 15442144 kB
Active(file):   10942540 kB
Inactive(file): 10308440 kB
Unevictable:       41160 kB
Mlocked:           41160 kB
SwapTotal:             0 kB
SwapFree:              0 kB
Dirty:              4360 kB
Writeback:            24 kB
AnonPages:      14798960 kB
Mapped:          1903092 kB
Shmem:             46368 kB
KReclaimable:    2096456 kB
Slab:            4344964 kB
SReclaimable:    2096456 kB
SUnreclaim:      2248508 kB
KernelStack:      394992 kB
PageTables:       136944 kB
NFS_Unstable:          0 kB
Bounce:                0 kB
WritebackTmp:          0 kB
CommitLimit:    53569236 kB
Committed_AS:   69396196 kB
VmallocTotal:   34359738367 kB
VmallocUsed:      492892 kB
VmallocChunk:          0 kB
Percpu:           211008 kB
HardwareCorrupted:     0 kB
AnonHugePages:    208896 kB
ShmemHugePages:        0 kB
ShmemPmdMapped:        0 kB
FileHugePages:         0 kB
FilePmdMapped:         0 kB
HugePages_Total:       0
HugePages_Free:        0
HugePages_Rsvd:        0
HugePages_Surp:        0
Hugepagesize:       2048 kB
Hugetlb:               0 kB
DirectMap4k:     5081920 kB
DirectMap2M:    45246464 kB
DirectMap1G:    60817408 kB

/sys/kernel/mm/transparent_hugepage/enabled: always [madvise] never
/sys/kernel/mm/transparent_hugepage/defrag (defrag/compaction efforts parameter): always defer defer+madvise [madvise] never

Process Memory:
Virtual Size: 4789336K (peak: 4876092K)
Resident Set Size: 767604K (peak: 811428K) (anon: 570796K, file: 196808K, shmem: 0K)
Swapped out: 0K
C-Heap outstanding allocations: 41574K, retained: 11177K
glibc malloc tunables: (default)

/proc/sys/kernel/threads-max (system-wide limit on the number of threads): 836951
/proc/sys/vm/max_map_count (maximum number of memory map areas a process may have): 65530
/proc/sys/kernel/pid_max (system-wide limit on number of process identifiers): 4194304

container (cgroup) information:
container_type: cgroupv1
cpu_cpuset_cpus: 4-15
cpu_memory_nodes: 0
active_processor_count: 1
cpu_quota: 50000
cpu_period: 100000
cpu_shares: 512
memory_limit_in_bytes: 1048576 k
memory_and_swap_limit_in_bytes: 1048576 k
memory_soft_limit_in_bytes: 524288 k
memory_usage_in_bytes: 607700 k
memory_max_usage_in_bytes: 705076 k
maximum number of tasks: 1000
current number of tasks: 50

KVM virtualization detected
Steal ticks since vm start: 0
Steal ticks percentage since vm start:  0.000

CPU: total 16 (initial active 1) (8 cores per cpu, 2 threads per core) family 6 model 63 stepping 0 microcode 0xffffffff, cx8, cmov, fxsr, ht, mmx, sse, sse2, sse3, ssse3, sse4.1, sse4.2, popcnt, lzcnt, tsc, tscinvbit, avx, avx2, aes, erms, clmul, bmi1, bmi2, fma, vzeroupper, clflush, hv
CPU Model and flags from /proc/cpuinfo:
model name	: Intel(R) Xeon(R) CPU @ 2.30GHz
flags		: fpu vme de pse tsc msr pae mce cx8 apic sep mtrr pge mca cmov pat pse36 clflush mmx fxsr sse sse2 ss ht syscall nx pdpe1gb rdtscp lm constant_tsc rep_good nopl xtopology nonstop_tsc cpuid tsc_known_freq pni pclmulqdq ssse3 fma cx16 pcid sse4_1 sse4_2 x2apic movbe popcnt aes xsave avx f16c rdrand hypervisor lahf_lm abm invpcid_single pti ssbd ibrs ibpb stibp fsgsbase tsc_adjust bmi1 avx2 smep bmi2 erms invpcid xsaveopt arat md_clear arch_capabilities

Online cpus: 0-15
Offline cpus: 
BIOS frequency limitation: <Not Available>
Frequency switch latency (ns): <Not Available>
Available cpu frequencies: <Not Available>
Current governor: <Not Available>
Core performance/turbo boost: <Not Available>

Memory: 4k page, physical 1048576k(440868k free), swap 0k(0k free)
Page Sizes: 4k

vm_info: OpenJDK 64-Bit Server VM (17.0.5+8-jvmci-22.3-b08) for linux-amd64 JRE (17.0.5+8-jvmci-22.3-b08), built on Oct 19 2022 09:01:27 by "buildslave" with gcc 10.3.0

END.
